I201030 02:33:19.702867 30 util/log/sync_buffer.go:70  [config] file created at: 2020/10/30 02:33:19
I201030 02:33:19.702867 30 util/log/sync_buffer.go:70  [config] running on machine: e8ab4be630d2
I201030 02:33:19.702867 30 util/log/sync_buffer.go:70  [config] binary: CockroachDB CCL v20.1.8 (x86_64-unknown-linux-gnu, built 2020/10/21 15:46:38, go1.13.9)
I201030 02:33:19.702867 30 util/log/sync_buffer.go:70  [config] arguments: [/cockroach/cockroach start --insecure --store=attrs=ssd,path=/var/lib/cockroach]
I201030 02:33:19.702867 30 util/log/sync_buffer.go:70  line format: [IWEF]yymmdd hh:mm:ss.uuuuuu goid file:line msg utf8=✓
I201030 02:33:19.702864 30 storage/rocksdb.go:102  RocksDB version: 6.2.1
I201030 02:33:19.718705 30 storage/rocksdb.go:102  Git sha rocksdb_build_git_sha:@2512e96f3bf87b3c1b5b0183ed2ec421dc35d0d7@
I201030 02:33:19.718711 30 storage/rocksdb.go:102  Compile date Oct 21 2020
I201030 02:33:19.718716 30 storage/rocksdb.go:102  DB SUMMARY
I201030 02:33:19.720601 30 storage/rocksdb.go:102  SST files in /var/lib/cockroach/cockroach-temp955690084 dir, Total Num: 0, files: 
I201030 02:33:19.720611 30 storage/rocksdb.go:102  Write Ahead Log file in /var/lib/cockroach/cockroach-temp955690084: 
I201030 02:33:19.720619 30 storage/rocksdb.go:102                          Options.error_if_exists: 0
I201030 02:33:19.720653 30 storage/rocksdb.go:102                        Options.create_if_missing: 1
I201030 02:33:19.720714 30 storage/rocksdb.go:102                          Options.paranoid_checks: 1
I201030 02:33:19.720720 30 storage/rocksdb.go:102                                      Options.env: 0x759fd00
I201030 02:33:19.720725 30 storage/rocksdb.go:102                                 Options.info_log: 0x7f64f8e270e0
I201030 02:33:19.720730 30 storage/rocksdb.go:102                 Options.max_file_opening_threads: 16
I201030 02:33:19.720734 30 storage/rocksdb.go:102                               Options.statistics: 0x7f64f8e34010
I201030 02:33:19.720737 30 storage/rocksdb.go:102                                Options.use_fsync: 0
I201030 02:33:19.720745 30 storage/rocksdb.go:102                        Options.max_log_file_size: 0
I201030 02:33:19.720749 30 storage/rocksdb.go:102                   Options.max_manifest_file_size: 134217728
I201030 02:33:19.720752 30 storage/rocksdb.go:102                    Options.log_file_time_to_roll: 0
I201030 02:33:19.720783 30 storage/rocksdb.go:102                        Options.keep_log_file_num: 1000
I201030 02:33:19.720787 30 storage/rocksdb.go:102                     Options.recycle_log_file_num: 1
I201030 02:33:19.720791 30 storage/rocksdb.go:102                          Options.allow_fallocate: 1
I201030 02:33:19.720794 30 storage/rocksdb.go:102                         Options.allow_mmap_reads: 0
I201030 02:33:19.720798 30 storage/rocksdb.go:102                        Options.allow_mmap_writes: 0
I201030 02:33:19.720802 30 storage/rocksdb.go:102                         Options.use_direct_reads: 0
I201030 02:33:19.720806 30 storage/rocksdb.go:102                         Options.use_direct_io_for_flush_and_compaction: 0
I201030 02:33:19.720809 30 storage/rocksdb.go:102           Options.create_missing_column_families: 0
I201030 02:33:19.720813 30 storage/rocksdb.go:102                               Options.db_log_dir: 
I201030 02:33:19.720817 30 storage/rocksdb.go:102                                  Options.wal_dir: /var/lib/cockroach/cockroach-temp955690084
I201030 02:33:19.720821 30 storage/rocksdb.go:102                 Options.table_cache_numshardbits: 6
I201030 02:33:19.720825 30 storage/rocksdb.go:102                       Options.max_subcompactions: 1
I201030 02:33:19.720829 30 storage/rocksdb.go:102                   Options.max_background_flushes: -1
I201030 02:33:19.720832 30 storage/rocksdb.go:102                          Options.WAL_ttl_seconds: 0
I201030 02:33:19.720848 30 storage/rocksdb.go:102                        Options.WAL_size_limit_MB: 0
I201030 02:33:19.720856 30 storage/rocksdb.go:102              Options.manifest_preallocation_size: 4194304
I201030 02:33:19.720861 30 storage/rocksdb.go:102                      Options.is_fd_close_on_exec: 1
I201030 02:33:19.720865 30 storage/rocksdb.go:102                    Options.advise_random_on_open: 1
I201030 02:33:19.720870 30 storage/rocksdb.go:102                     Options.db_write_buffer_size: 0
I201030 02:33:19.720874 30 storage/rocksdb.go:102                     Options.write_buffer_manager: 0x7f64f8e190f0
I201030 02:33:19.720879 30 storage/rocksdb.go:102          Options.access_hint_on_compaction_start: 1
I201030 02:33:19.720883 30 storage/rocksdb.go:102   Options.new_table_reader_for_compaction_inputs: 0
I201030 02:33:19.720887 30 storage/rocksdb.go:102            Options.random_access_max_buffer_size: 1048576
I201030 02:33:19.720896 30 storage/rocksdb.go:102                       Options.use_adaptive_mutex: 0
I201030 02:33:19.720900 30 storage/rocksdb.go:102                             Options.rate_limiter: (nil)
I201030 02:33:19.720904 30 storage/rocksdb.go:102      Options.sst_file_manager.rate_bytes_per_sec: 0
I201030 02:33:19.720908 30 storage/rocksdb.go:102                        Options.wal_recovery_mode: 0
I201030 02:33:19.720912 30 storage/rocksdb.go:102                   Options.enable_thread_tracking: 0
I201030 02:33:19.720915 30 storage/rocksdb.go:102                   Options.enable_pipelined_write: 0
I201030 02:33:19.720919 30 storage/rocksdb.go:102          Options.allow_concurrent_memtable_write: 1
I201030 02:33:19.720923 30 storage/rocksdb.go:102       Options.enable_write_thread_adaptive_yield: 1
I201030 02:33:19.720927 30 storage/rocksdb.go:102              Options.write_thread_max_yield_usec: 100
I201030 02:33:19.720930 30 storage/rocksdb.go:102             Options.write_thread_slow_yield_usec: 3
I201030 02:33:19.720934 30 storage/rocksdb.go:102                                Options.row_cache: None
I201030 02:33:19.720940 30 storage/rocksdb.go:102                               Options.wal_filter: None
I201030 02:33:19.720951 30 storage/rocksdb.go:102              Options.avoid_flush_during_recovery: 0
I201030 02:33:19.720960 30 storage/rocksdb.go:102              Options.allow_ingest_behind: 0
I201030 02:33:19.720966 30 storage/rocksdb.go:102              Options.preserve_deletes: 0
I201030 02:33:19.721027 30 storage/rocksdb.go:102              Options.two_write_queues: 0
I201030 02:33:19.721035 30 storage/rocksdb.go:102              Options.manual_wal_flush: 1
I201030 02:33:19.721041 30 storage/rocksdb.go:102              Options.atomic_flush: 0
I201030 02:33:19.721047 30 storage/rocksdb.go:102              Options.avoid_unnecessary_blocking_io: 0
I201030 02:33:19.721052 30 storage/rocksdb.go:102              Options.max_background_jobs: 2
I201030 02:33:19.721056 30 storage/rocksdb.go:102              Options.max_background_compactions: -1
I201030 02:33:19.721059 30 storage/rocksdb.go:102              Options.avoid_flush_during_shutdown: 0
I201030 02:33:19.721063 30 storage/rocksdb.go:102            Options.writable_file_max_buffer_size: 1048576
I201030 02:33:19.721067 30 storage/rocksdb.go:102              Options.delayed_write_rate : 16777216
I201030 02:33:19.721070 30 storage/rocksdb.go:102              Options.max_total_wal_size: 0
I201030 02:33:19.721074 30 storage/rocksdb.go:102              Options.delete_obsolete_files_period_micros: 21600000000
I201030 02:33:19.721078 30 storage/rocksdb.go:102                    Options.stats_dump_period_sec: 0
I201030 02:33:19.721106 30 storage/rocksdb.go:102                  Options.stats_persist_period_sec: 600
I201030 02:33:19.721110 30 storage/rocksdb.go:102                  Options.stats_history_buffer_size: 1048576
I201030 02:33:19.721113 30 storage/rocksdb.go:102                           Options.max_open_files: 128
I201030 02:33:19.721117 30 storage/rocksdb.go:102                           Options.bytes_per_sync: 524288
I201030 02:33:19.721121 30 storage/rocksdb.go:102                       Options.wal_bytes_per_sync: 0
I201030 02:33:19.721124 30 storage/rocksdb.go:102                    Options.strict_bytes_per_sync: 1
I201030 02:33:19.721128 30 storage/rocksdb.go:102        Options.compaction_readahead_size: 0
I201030 02:33:19.721148 30 storage/rocksdb.go:102  Compression algorithms supported:
I201030 02:33:19.721155 30 storage/rocksdb.go:102  	kZSTDNotFinalCompression supported: 0
I201030 02:33:19.721160 30 storage/rocksdb.go:102  	kZSTD supported: 0
I201030 02:33:19.721164 30 storage/rocksdb.go:102  	kXpressCompression supported: 0
I201030 02:33:19.721168 30 storage/rocksdb.go:102  	kLZ4HCCompression supported: 0
I201030 02:33:19.721172 30 storage/rocksdb.go:102  	kLZ4Compression supported: 0
I201030 02:33:19.721176 30 storage/rocksdb.go:102  	kBZip2Compression supported: 0
I201030 02:33:19.721183 30 storage/rocksdb.go:102  	kZlibCompression supported: 0
I201030 02:33:19.721187 30 storage/rocksdb.go:102  	kSnappyCompression supported: 1
I201030 02:33:19.721197 30 storage/rocksdb.go:102  Fast CRC32 supported: Supported on x86
I201030 02:33:19.724270 30 storage/rocksdb.go:102  [db/db_impl_open.cc:242] Creating manifest 1 
I201030 02:33:20.156036 30 storage/rocksdb.go:102  [db/db_impl.cc:392] Shutdown: canceling all background work
I201030 02:33:20.157115 30 storage/rocksdb.go:102  [db/db_impl.cc:565] Shutdown complete
