I201030 02:33:09.499433 14 util/log/sync_buffer.go:70  [config] file created at: 2020/10/30 02:33:09
I201030 02:33:09.499433 14 util/log/sync_buffer.go:70  [config] running on machine: e8ab4be630d2
I201030 02:33:09.499433 14 util/log/sync_buffer.go:70  [config] binary: CockroachDB CCL v20.1.8 (x86_64-unknown-linux-gnu, built 2020/10/21 15:46:38, go1.13.9)
I201030 02:33:09.499433 14 util/log/sync_buffer.go:70  [config] arguments: [/cockroach/cockroach start --insecure --store=attrs=ssd,path=/var/lib/cockroach]
I201030 02:33:09.499433 14 util/log/sync_buffer.go:70  line format: [IWEF]yymmdd hh:mm:ss.uuuuuu goid file:line msg utf8=✓
I201030 02:33:09.499431 14 storage/rocksdb.go:102  RocksDB version: 6.2.1
I201030 02:33:09.508649 14 storage/rocksdb.go:102  Git sha rocksdb_build_git_sha:@2512e96f3bf87b3c1b5b0183ed2ec421dc35d0d7@
I201030 02:33:09.508656 14 storage/rocksdb.go:102  Compile date Oct 21 2020
I201030 02:33:09.508661 14 storage/rocksdb.go:102  DB SUMMARY
I201030 02:33:09.512298 14 storage/rocksdb.go:102  SST files in /var/lib/cockroach/cockroach-temp171487120 dir, Total Num: 0, files: 
I201030 02:33:09.512312 14 storage/rocksdb.go:102  Write Ahead Log file in /var/lib/cockroach/cockroach-temp171487120: 
I201030 02:33:09.512321 14 storage/rocksdb.go:102                          Options.error_if_exists: 0
I201030 02:33:09.512327 14 storage/rocksdb.go:102                        Options.create_if_missing: 1
I201030 02:33:09.512467 14 storage/rocksdb.go:102                          Options.paranoid_checks: 1
I201030 02:33:09.512483 14 storage/rocksdb.go:102                                      Options.env: 0x759fd00
I201030 02:33:09.512494 14 storage/rocksdb.go:102                                 Options.info_log: 0x7f72a0287f60
I201030 02:33:09.512504 14 storage/rocksdb.go:102                 Options.max_file_opening_threads: 16
I201030 02:33:09.512511 14 storage/rocksdb.go:102                               Options.statistics: 0x7f72a021d8d0
I201030 02:33:09.512517 14 storage/rocksdb.go:102                                Options.use_fsync: 0
I201030 02:33:09.512525 14 storage/rocksdb.go:102                        Options.max_log_file_size: 0
I201030 02:33:09.512532 14 storage/rocksdb.go:102                   Options.max_manifest_file_size: 134217728
I201030 02:33:09.512539 14 storage/rocksdb.go:102                    Options.log_file_time_to_roll: 0
I201030 02:33:09.512549 14 storage/rocksdb.go:102                        Options.keep_log_file_num: 1000
I201030 02:33:09.512556 14 storage/rocksdb.go:102                     Options.recycle_log_file_num: 1
I201030 02:33:09.512567 14 storage/rocksdb.go:102                          Options.allow_fallocate: 1
I201030 02:33:09.512571 14 storage/rocksdb.go:102                         Options.allow_mmap_reads: 0
I201030 02:33:09.512575 14 storage/rocksdb.go:102                        Options.allow_mmap_writes: 0
I201030 02:33:09.512579 14 storage/rocksdb.go:102                         Options.use_direct_reads: 0
I201030 02:33:09.512582 14 storage/rocksdb.go:102                         Options.use_direct_io_for_flush_and_compaction: 0
I201030 02:33:09.512586 14 storage/rocksdb.go:102           Options.create_missing_column_families: 0
I201030 02:33:09.512590 14 storage/rocksdb.go:102                               Options.db_log_dir: 
I201030 02:33:09.512594 14 storage/rocksdb.go:102                                  Options.wal_dir: /var/lib/cockroach/cockroach-temp171487120
I201030 02:33:09.512597 14 storage/rocksdb.go:102                 Options.table_cache_numshardbits: 6
I201030 02:33:09.512601 14 storage/rocksdb.go:102                       Options.max_subcompactions: 1
I201030 02:33:09.512605 14 storage/rocksdb.go:102                   Options.max_background_flushes: -1
I201030 02:33:09.512609 14 storage/rocksdb.go:102                          Options.WAL_ttl_seconds: 0
I201030 02:33:09.512612 14 storage/rocksdb.go:102                        Options.WAL_size_limit_MB: 0
I201030 02:33:09.512616 14 storage/rocksdb.go:102              Options.manifest_preallocation_size: 4194304
I201030 02:33:09.512700 14 storage/rocksdb.go:102                      Options.is_fd_close_on_exec: 1
I201030 02:33:09.512705 14 storage/rocksdb.go:102                    Options.advise_random_on_open: 1
I201030 02:33:09.512710 14 storage/rocksdb.go:102                     Options.db_write_buffer_size: 0
I201030 02:33:09.512714 14 storage/rocksdb.go:102                     Options.write_buffer_manager: 0x7f72a0260d70
I201030 02:33:09.512718 14 storage/rocksdb.go:102          Options.access_hint_on_compaction_start: 1
I201030 02:33:09.512723 14 storage/rocksdb.go:102   Options.new_table_reader_for_compaction_inputs: 0
I201030 02:33:09.512728 14 storage/rocksdb.go:102            Options.random_access_max_buffer_size: 1048576
I201030 02:33:09.512777 14 storage/rocksdb.go:102                       Options.use_adaptive_mutex: 0
I201030 02:33:09.512782 14 storage/rocksdb.go:102                             Options.rate_limiter: (nil)
I201030 02:33:09.512786 14 storage/rocksdb.go:102      Options.sst_file_manager.rate_bytes_per_sec: 0
I201030 02:33:09.512790 14 storage/rocksdb.go:102                        Options.wal_recovery_mode: 0
I201030 02:33:09.512795 14 storage/rocksdb.go:102                   Options.enable_thread_tracking: 0
I201030 02:33:09.512798 14 storage/rocksdb.go:102                   Options.enable_pipelined_write: 0
I201030 02:33:09.512802 14 storage/rocksdb.go:102          Options.allow_concurrent_memtable_write: 1
I201030 02:33:09.512806 14 storage/rocksdb.go:102       Options.enable_write_thread_adaptive_yield: 1
I201030 02:33:09.512810 14 storage/rocksdb.go:102              Options.write_thread_max_yield_usec: 100
I201030 02:33:09.512813 14 storage/rocksdb.go:102             Options.write_thread_slow_yield_usec: 3
I201030 02:33:09.512817 14 storage/rocksdb.go:102                                Options.row_cache: None
I201030 02:33:09.512821 14 storage/rocksdb.go:102                               Options.wal_filter: None
I201030 02:33:09.512825 14 storage/rocksdb.go:102              Options.avoid_flush_during_recovery: 0
I201030 02:33:09.512828 14 storage/rocksdb.go:102              Options.allow_ingest_behind: 0
I201030 02:33:09.512832 14 storage/rocksdb.go:102              Options.preserve_deletes: 0
I201030 02:33:09.512836 14 storage/rocksdb.go:102              Options.two_write_queues: 0
I201030 02:33:09.512840 14 storage/rocksdb.go:102              Options.manual_wal_flush: 1
I201030 02:33:09.512846 14 storage/rocksdb.go:102              Options.atomic_flush: 0
I201030 02:33:09.512860 14 storage/rocksdb.go:102              Options.avoid_unnecessary_blocking_io: 0
I201030 02:33:09.512866 14 storage/rocksdb.go:102              Options.max_background_jobs: 2
I201030 02:33:09.512872 14 storage/rocksdb.go:102              Options.max_background_compactions: -1
I201030 02:33:09.512877 14 storage/rocksdb.go:102              Options.avoid_flush_during_shutdown: 0
I201030 02:33:09.512883 14 storage/rocksdb.go:102            Options.writable_file_max_buffer_size: 1048576
I201030 02:33:09.512888 14 storage/rocksdb.go:102              Options.delayed_write_rate : 16777216
I201030 02:33:09.512893 14 storage/rocksdb.go:102              Options.max_total_wal_size: 0
I201030 02:33:09.512899 14 storage/rocksdb.go:102              Options.delete_obsolete_files_period_micros: 21600000000
I201030 02:33:09.512904 14 storage/rocksdb.go:102                    Options.stats_dump_period_sec: 0
I201030 02:33:09.512910 14 storage/rocksdb.go:102                  Options.stats_persist_period_sec: 600
I201030 02:33:09.512916 14 storage/rocksdb.go:102                  Options.stats_history_buffer_size: 1048576
I201030 02:33:09.512922 14 storage/rocksdb.go:102                           Options.max_open_files: 128
I201030 02:33:09.512988 14 storage/rocksdb.go:102                           Options.bytes_per_sync: 524288
I201030 02:33:09.513007 14 storage/rocksdb.go:102                       Options.wal_bytes_per_sync: 0
I201030 02:33:09.513013 14 storage/rocksdb.go:102                    Options.strict_bytes_per_sync: 1
I201030 02:33:09.513019 14 storage/rocksdb.go:102        Options.compaction_readahead_size: 0
I201030 02:33:09.513025 14 storage/rocksdb.go:102  Compression algorithms supported:
I201030 02:33:09.513032 14 storage/rocksdb.go:102  	kZSTDNotFinalCompression supported: 0
I201030 02:33:09.513038 14 storage/rocksdb.go:102  	kZSTD supported: 0
I201030 02:33:09.513048 14 storage/rocksdb.go:102  	kXpressCompression supported: 0
I201030 02:33:09.513119 14 storage/rocksdb.go:102  	kLZ4HCCompression supported: 0
I201030 02:33:09.513124 14 storage/rocksdb.go:102  	kLZ4Compression supported: 0
I201030 02:33:09.513128 14 storage/rocksdb.go:102  	kBZip2Compression supported: 0
I201030 02:33:09.513140 14 storage/rocksdb.go:102  	kZlibCompression supported: 0
I201030 02:33:09.513144 14 storage/rocksdb.go:102  	kSnappyCompression supported: 1
I201030 02:33:09.513154 14 storage/rocksdb.go:102  Fast CRC32 supported: Supported on x86
I201030 02:33:09.515873 14 storage/rocksdb.go:102  [db/db_impl_open.cc:242] Creating manifest 1 
I201030 02:33:09.681496 14 storage/rocksdb.go:102  [db/db_impl.cc:392] Shutdown: canceling all background work
I201030 02:33:09.682329 14 storage/rocksdb.go:102  [db/db_impl.cc:565] Shutdown complete
