I201030 02:33:03.444082 26 util/log/sync_buffer.go:70  [config] file created at: 2020/10/30 02:33:03
I201030 02:33:03.444082 26 util/log/sync_buffer.go:70  [config] running on machine: e8ab4be630d2
I201030 02:33:03.444082 26 util/log/sync_buffer.go:70  [config] binary: CockroachDB CCL v20.1.8 (x86_64-unknown-linux-gnu, built 2020/10/21 15:46:38, go1.13.9)
I201030 02:33:03.444082 26 util/log/sync_buffer.go:70  [config] arguments: [/cockroach/cockroach start --insecure --store=attrs=ssd,path=/var/lib/cockroach]
I201030 02:33:03.444082 26 util/log/sync_buffer.go:70  line format: [IWEF]yymmdd hh:mm:ss.uuuuuu goid file:line msg utf8=✓
I201030 02:33:03.444079 26 storage/rocksdb.go:102  RocksDB version: 6.2.1
I201030 02:33:03.454982 26 storage/rocksdb.go:102  Git sha rocksdb_build_git_sha:@2512e96f3bf87b3c1b5b0183ed2ec421dc35d0d7@
I201030 02:33:03.454988 26 storage/rocksdb.go:102  Compile date Oct 21 2020
I201030 02:33:03.454994 26 storage/rocksdb.go:102  DB SUMMARY
I201030 02:33:03.456413 26 storage/rocksdb.go:102  SST files in /var/lib/cockroach/cockroach-temp834914884 dir, Total Num: 0, files: 
I201030 02:33:03.456432 26 storage/rocksdb.go:102  Write Ahead Log file in /var/lib/cockroach/cockroach-temp834914884: 
I201030 02:33:03.456445 26 storage/rocksdb.go:102                          Options.error_if_exists: 0
I201030 02:33:03.456455 26 storage/rocksdb.go:102                        Options.create_if_missing: 1
I201030 02:33:03.456465 26 storage/rocksdb.go:102                          Options.paranoid_checks: 1
I201030 02:33:03.456473 26 storage/rocksdb.go:102                                      Options.env: 0x759fd00
I201030 02:33:03.456481 26 storage/rocksdb.go:102                                 Options.info_log: 0x7fbe93c270e0
I201030 02:33:03.456487 26 storage/rocksdb.go:102                 Options.max_file_opening_threads: 16
I201030 02:33:03.456493 26 storage/rocksdb.go:102                               Options.statistics: 0x7fbe93c34010
I201030 02:33:03.456500 26 storage/rocksdb.go:102                                Options.use_fsync: 0
I201030 02:33:03.456506 26 storage/rocksdb.go:102                        Options.max_log_file_size: 0
I201030 02:33:03.456513 26 storage/rocksdb.go:102                   Options.max_manifest_file_size: 134217728
I201030 02:33:03.456527 26 storage/rocksdb.go:102                    Options.log_file_time_to_roll: 0
I201030 02:33:03.456535 26 storage/rocksdb.go:102                        Options.keep_log_file_num: 1000
I201030 02:33:03.456543 26 storage/rocksdb.go:102                     Options.recycle_log_file_num: 1
I201030 02:33:03.456552 26 storage/rocksdb.go:102                          Options.allow_fallocate: 1
I201030 02:33:03.456560 26 storage/rocksdb.go:102                         Options.allow_mmap_reads: 0
I201030 02:33:03.456566 26 storage/rocksdb.go:102                        Options.allow_mmap_writes: 0
I201030 02:33:03.456573 26 storage/rocksdb.go:102                         Options.use_direct_reads: 0
I201030 02:33:03.456579 26 storage/rocksdb.go:102                         Options.use_direct_io_for_flush_and_compaction: 0
I201030 02:33:03.456585 26 storage/rocksdb.go:102           Options.create_missing_column_families: 0
I201030 02:33:03.456591 26 storage/rocksdb.go:102                               Options.db_log_dir: 
I201030 02:33:03.456600 26 storage/rocksdb.go:102                                  Options.wal_dir: /var/lib/cockroach/cockroach-temp834914884
I201030 02:33:03.456609 26 storage/rocksdb.go:102                 Options.table_cache_numshardbits: 6
I201030 02:33:03.456615 26 storage/rocksdb.go:102                       Options.max_subcompactions: 1
I201030 02:33:03.456619 26 storage/rocksdb.go:102                   Options.max_background_flushes: -1
I201030 02:33:03.456623 26 storage/rocksdb.go:102                          Options.WAL_ttl_seconds: 0
I201030 02:33:03.456627 26 storage/rocksdb.go:102                        Options.WAL_size_limit_MB: 0
I201030 02:33:03.456631 26 storage/rocksdb.go:102              Options.manifest_preallocation_size: 4194304
I201030 02:33:03.456689 26 storage/rocksdb.go:102                      Options.is_fd_close_on_exec: 1
I201030 02:33:03.456697 26 storage/rocksdb.go:102                    Options.advise_random_on_open: 1
I201030 02:33:03.456702 26 storage/rocksdb.go:102                     Options.db_write_buffer_size: 0
I201030 02:33:03.456706 26 storage/rocksdb.go:102                     Options.write_buffer_manager: 0x7fbe93c190f0
I201030 02:33:03.456710 26 storage/rocksdb.go:102          Options.access_hint_on_compaction_start: 1
I201030 02:33:03.456714 26 storage/rocksdb.go:102   Options.new_table_reader_for_compaction_inputs: 0
I201030 02:33:03.456718 26 storage/rocksdb.go:102            Options.random_access_max_buffer_size: 1048576
I201030 02:33:03.456722 26 storage/rocksdb.go:102                       Options.use_adaptive_mutex: 0
I201030 02:33:03.456726 26 storage/rocksdb.go:102                             Options.rate_limiter: (nil)
I201030 02:33:03.456731 26 storage/rocksdb.go:102      Options.sst_file_manager.rate_bytes_per_sec: 0
I201030 02:33:03.456734 26 storage/rocksdb.go:102                        Options.wal_recovery_mode: 0
I201030 02:33:03.456738 26 storage/rocksdb.go:102                   Options.enable_thread_tracking: 0
I201030 02:33:03.456742 26 storage/rocksdb.go:102                   Options.enable_pipelined_write: 0
I201030 02:33:03.456746 26 storage/rocksdb.go:102          Options.allow_concurrent_memtable_write: 1
I201030 02:33:03.456752 26 storage/rocksdb.go:102       Options.enable_write_thread_adaptive_yield: 1
I201030 02:33:03.456758 26 storage/rocksdb.go:102              Options.write_thread_max_yield_usec: 100
I201030 02:33:03.456764 26 storage/rocksdb.go:102             Options.write_thread_slow_yield_usec: 3
I201030 02:33:03.456770 26 storage/rocksdb.go:102                                Options.row_cache: None
I201030 02:33:03.456778 26 storage/rocksdb.go:102                               Options.wal_filter: None
I201030 02:33:03.456787 26 storage/rocksdb.go:102              Options.avoid_flush_during_recovery: 0
I201030 02:33:03.456795 26 storage/rocksdb.go:102              Options.allow_ingest_behind: 0
I201030 02:33:03.456803 26 storage/rocksdb.go:102              Options.preserve_deletes: 0
I201030 02:33:03.456810 26 storage/rocksdb.go:102              Options.two_write_queues: 0
I201030 02:33:03.456815 26 storage/rocksdb.go:102              Options.manual_wal_flush: 1
I201030 02:33:03.456822 26 storage/rocksdb.go:102              Options.atomic_flush: 0
I201030 02:33:03.456829 26 storage/rocksdb.go:102              Options.avoid_unnecessary_blocking_io: 0
I201030 02:33:03.456836 26 storage/rocksdb.go:102              Options.max_background_jobs: 2
I201030 02:33:03.456845 26 storage/rocksdb.go:102              Options.max_background_compactions: -1
I201030 02:33:03.456853 26 storage/rocksdb.go:102              Options.avoid_flush_during_shutdown: 0
I201030 02:33:03.456863 26 storage/rocksdb.go:102            Options.writable_file_max_buffer_size: 1048576
I201030 02:33:03.456876 26 storage/rocksdb.go:102              Options.delayed_write_rate : 16777216
I201030 02:33:03.456882 26 storage/rocksdb.go:102              Options.max_total_wal_size: 0
I201030 02:33:03.456890 26 storage/rocksdb.go:102              Options.delete_obsolete_files_period_micros: 21600000000
I201030 02:33:03.456904 26 storage/rocksdb.go:102                    Options.stats_dump_period_sec: 0
I201030 02:33:03.456912 26 storage/rocksdb.go:102                  Options.stats_persist_period_sec: 600
I201030 02:33:03.456920 26 storage/rocksdb.go:102                  Options.stats_history_buffer_size: 1048576
I201030 02:33:03.456926 26 storage/rocksdb.go:102                           Options.max_open_files: 128
I201030 02:33:03.456933 26 storage/rocksdb.go:102                           Options.bytes_per_sync: 524288
I201030 02:33:03.456940 26 storage/rocksdb.go:102                       Options.wal_bytes_per_sync: 0
I201030 02:33:03.456945 26 storage/rocksdb.go:102                    Options.strict_bytes_per_sync: 1
I201030 02:33:03.456951 26 storage/rocksdb.go:102        Options.compaction_readahead_size: 0
I201030 02:33:03.456976 26 storage/rocksdb.go:102  Compression algorithms supported:
I201030 02:33:03.456986 26 storage/rocksdb.go:102  	kZSTDNotFinalCompression supported: 0
I201030 02:33:03.456993 26 storage/rocksdb.go:102  	kZSTD supported: 0
I201030 02:33:03.456998 26 storage/rocksdb.go:102  	kXpressCompression supported: 0
I201030 02:33:03.457005 26 storage/rocksdb.go:102  	kLZ4HCCompression supported: 0
I201030 02:33:03.457011 26 storage/rocksdb.go:102  	kLZ4Compression supported: 0
I201030 02:33:03.457017 26 storage/rocksdb.go:102  	kBZip2Compression supported: 0
I201030 02:33:03.457023 26 storage/rocksdb.go:102  	kZlibCompression supported: 0
I201030 02:33:03.457029 26 storage/rocksdb.go:102  	kSnappyCompression supported: 1
I201030 02:33:03.457043 26 storage/rocksdb.go:102  Fast CRC32 supported: Supported on x86
I201030 02:33:03.460504 26 storage/rocksdb.go:102  [db/db_impl_open.cc:242] Creating manifest 1 
I201030 02:33:03.624253 26 storage/rocksdb.go:102  [db/db_impl.cc:392] Shutdown: canceling all background work
I201030 02:33:03.626727 26 storage/rocksdb.go:102  [db/db_impl.cc:565] Shutdown complete
