I201030 02:33:35.283770 34 util/log/sync_buffer.go:70  [config] file created at: 2020/10/30 02:33:35
I201030 02:33:35.283770 34 util/log/sync_buffer.go:70  [config] running on machine: e8ab4be630d2
I201030 02:33:35.283770 34 util/log/sync_buffer.go:70  [config] binary: CockroachDB CCL v20.1.8 (x86_64-unknown-linux-gnu, built 2020/10/21 15:46:38, go1.13.9)
I201030 02:33:35.283770 34 util/log/sync_buffer.go:70  [config] arguments: [/cockroach/cockroach start --insecure --store=attrs=ssd,path=/var/lib/cockroach]
I201030 02:33:35.283770 34 util/log/sync_buffer.go:70  line format: [IWEF]yymmdd hh:mm:ss.uuuuuu goid file:line msg utf8=✓
I201030 02:33:35.283767 34 storage/rocksdb.go:102  RocksDB version: 6.2.1
I201030 02:33:35.294835 34 storage/rocksdb.go:102  Git sha rocksdb_build_git_sha:@2512e96f3bf87b3c1b5b0183ed2ec421dc35d0d7@
I201030 02:33:35.294841 34 storage/rocksdb.go:102  Compile date Oct 21 2020
I201030 02:33:35.294846 34 storage/rocksdb.go:102  DB SUMMARY
I201030 02:33:35.297037 34 storage/rocksdb.go:102  SST files in /var/lib/cockroach/cockroach-temp921997240 dir, Total Num: 0, files: 
I201030 02:33:35.297047 34 storage/rocksdb.go:102  Write Ahead Log file in /var/lib/cockroach/cockroach-temp921997240: 
I201030 02:33:35.297054 34 storage/rocksdb.go:102                          Options.error_if_exists: 0
I201030 02:33:35.297058 34 storage/rocksdb.go:102                        Options.create_if_missing: 1
I201030 02:33:35.297062 34 storage/rocksdb.go:102                          Options.paranoid_checks: 1
I201030 02:33:35.297066 34 storage/rocksdb.go:102                                      Options.env: 0x759fd00
I201030 02:33:35.297069 34 storage/rocksdb.go:102                                 Options.info_log: 0x7f2e476270e0
I201030 02:33:35.297073 34 storage/rocksdb.go:102                 Options.max_file_opening_threads: 16
I201030 02:33:35.297077 34 storage/rocksdb.go:102                               Options.statistics: 0x7f2e47634010
I201030 02:33:35.297134 34 storage/rocksdb.go:102                                Options.use_fsync: 0
I201030 02:33:35.297141 34 storage/rocksdb.go:102                        Options.max_log_file_size: 0
I201030 02:33:35.297145 34 storage/rocksdb.go:102                   Options.max_manifest_file_size: 134217728
I201030 02:33:35.297149 34 storage/rocksdb.go:102                    Options.log_file_time_to_roll: 0
I201030 02:33:35.297154 34 storage/rocksdb.go:102                        Options.keep_log_file_num: 1000
I201030 02:33:35.297159 34 storage/rocksdb.go:102                     Options.recycle_log_file_num: 1
I201030 02:33:35.297163 34 storage/rocksdb.go:102                          Options.allow_fallocate: 1
I201030 02:33:35.297167 34 storage/rocksdb.go:102                         Options.allow_mmap_reads: 0
I201030 02:33:35.297171 34 storage/rocksdb.go:102                        Options.allow_mmap_writes: 0
I201030 02:33:35.297175 34 storage/rocksdb.go:102                         Options.use_direct_reads: 0
I201030 02:33:35.297209 34 storage/rocksdb.go:102                         Options.use_direct_io_for_flush_and_compaction: 0
I201030 02:33:35.297273 34 storage/rocksdb.go:102           Options.create_missing_column_families: 0
I201030 02:33:35.297280 34 storage/rocksdb.go:102                               Options.db_log_dir: 
I201030 02:33:35.297284 34 storage/rocksdb.go:102                                  Options.wal_dir: /var/lib/cockroach/cockroach-temp921997240
I201030 02:33:35.297288 34 storage/rocksdb.go:102                 Options.table_cache_numshardbits: 6
I201030 02:33:35.297292 34 storage/rocksdb.go:102                       Options.max_subcompactions: 1
I201030 02:33:35.297296 34 storage/rocksdb.go:102                   Options.max_background_flushes: -1
I201030 02:33:35.297299 34 storage/rocksdb.go:102                          Options.WAL_ttl_seconds: 0
I201030 02:33:35.297303 34 storage/rocksdb.go:102                        Options.WAL_size_limit_MB: 0
I201030 02:33:35.297310 34 storage/rocksdb.go:102              Options.manifest_preallocation_size: 4194304
I201030 02:33:35.297314 34 storage/rocksdb.go:102                      Options.is_fd_close_on_exec: 1
I201030 02:33:35.297318 34 storage/rocksdb.go:102                    Options.advise_random_on_open: 1
I201030 02:33:35.297321 34 storage/rocksdb.go:102                     Options.db_write_buffer_size: 0
I201030 02:33:35.297325 34 storage/rocksdb.go:102                     Options.write_buffer_manager: 0x7f2e476190f0
I201030 02:33:35.297329 34 storage/rocksdb.go:102          Options.access_hint_on_compaction_start: 1
I201030 02:33:35.297383 34 storage/rocksdb.go:102   Options.new_table_reader_for_compaction_inputs: 0
I201030 02:33:35.297390 34 storage/rocksdb.go:102            Options.random_access_max_buffer_size: 1048576
I201030 02:33:35.297399 34 storage/rocksdb.go:102                       Options.use_adaptive_mutex: 0
I201030 02:33:35.297403 34 storage/rocksdb.go:102                             Options.rate_limiter: (nil)
I201030 02:33:35.297407 34 storage/rocksdb.go:102      Options.sst_file_manager.rate_bytes_per_sec: 0
I201030 02:33:35.297411 34 storage/rocksdb.go:102                        Options.wal_recovery_mode: 0
I201030 02:33:35.297414 34 storage/rocksdb.go:102                   Options.enable_thread_tracking: 0
I201030 02:33:35.297418 34 storage/rocksdb.go:102                   Options.enable_pipelined_write: 0
I201030 02:33:35.297446 34 storage/rocksdb.go:102          Options.allow_concurrent_memtable_write: 1
I201030 02:33:35.297450 34 storage/rocksdb.go:102       Options.enable_write_thread_adaptive_yield: 1
I201030 02:33:35.297454 34 storage/rocksdb.go:102              Options.write_thread_max_yield_usec: 100
I201030 02:33:35.297458 34 storage/rocksdb.go:102             Options.write_thread_slow_yield_usec: 3
I201030 02:33:35.297461 34 storage/rocksdb.go:102                                Options.row_cache: None
I201030 02:33:35.297466 34 storage/rocksdb.go:102                               Options.wal_filter: None
I201030 02:33:35.297470 34 storage/rocksdb.go:102              Options.avoid_flush_during_recovery: 0
I201030 02:33:35.297474 34 storage/rocksdb.go:102              Options.allow_ingest_behind: 0
I201030 02:33:35.297478 34 storage/rocksdb.go:102              Options.preserve_deletes: 0
I201030 02:33:35.297481 34 storage/rocksdb.go:102              Options.two_write_queues: 0
I201030 02:33:35.297485 34 storage/rocksdb.go:102              Options.manual_wal_flush: 1
I201030 02:33:35.297489 34 storage/rocksdb.go:102              Options.atomic_flush: 0
I201030 02:33:35.297492 34 storage/rocksdb.go:102              Options.avoid_unnecessary_blocking_io: 0
I201030 02:33:35.297496 34 storage/rocksdb.go:102              Options.max_background_jobs: 2
I201030 02:33:35.297500 34 storage/rocksdb.go:102              Options.max_background_compactions: -1
I201030 02:33:35.297503 34 storage/rocksdb.go:102              Options.avoid_flush_during_shutdown: 0
I201030 02:33:35.297507 34 storage/rocksdb.go:102            Options.writable_file_max_buffer_size: 1048576
I201030 02:33:35.297511 34 storage/rocksdb.go:102              Options.delayed_write_rate : 16777216
I201030 02:33:35.297514 34 storage/rocksdb.go:102              Options.max_total_wal_size: 0
I201030 02:33:35.297518 34 storage/rocksdb.go:102              Options.delete_obsolete_files_period_micros: 21600000000
I201030 02:33:35.297522 34 storage/rocksdb.go:102                    Options.stats_dump_period_sec: 0
I201030 02:33:35.297525 34 storage/rocksdb.go:102                  Options.stats_persist_period_sec: 600
I201030 02:33:35.297529 34 storage/rocksdb.go:102                  Options.stats_history_buffer_size: 1048576
I201030 02:33:35.297533 34 storage/rocksdb.go:102                           Options.max_open_files: 128
I201030 02:33:35.297536 34 storage/rocksdb.go:102                           Options.bytes_per_sync: 524288
I201030 02:33:35.297540 34 storage/rocksdb.go:102                       Options.wal_bytes_per_sync: 0
I201030 02:33:35.297543 34 storage/rocksdb.go:102                    Options.strict_bytes_per_sync: 1
I201030 02:33:35.297547 34 storage/rocksdb.go:102        Options.compaction_readahead_size: 0
I201030 02:33:35.297551 34 storage/rocksdb.go:102  Compression algorithms supported:
I201030 02:33:35.297555 34 storage/rocksdb.go:102  	kZSTDNotFinalCompression supported: 0
I201030 02:33:35.297560 34 storage/rocksdb.go:102  	kZSTD supported: 0
I201030 02:33:35.297565 34 storage/rocksdb.go:102  	kXpressCompression supported: 0
I201030 02:33:35.297570 34 storage/rocksdb.go:102  	kLZ4HCCompression supported: 0
I201030 02:33:35.297573 34 storage/rocksdb.go:102  	kLZ4Compression supported: 0
I201030 02:33:35.297577 34 storage/rocksdb.go:102  	kBZip2Compression supported: 0
I201030 02:33:35.297583 34 storage/rocksdb.go:102  	kZlibCompression supported: 0
I201030 02:33:35.297587 34 storage/rocksdb.go:102  	kSnappyCompression supported: 1
I201030 02:33:35.297596 34 storage/rocksdb.go:102  Fast CRC32 supported: Supported on x86
I201030 02:33:35.300062 34 storage/rocksdb.go:102  [db/db_impl_open.cc:242] Creating manifest 1 
I201030 02:33:35.455509 34 storage/rocksdb.go:102  [db/db_impl.cc:392] Shutdown: canceling all background work
I201030 02:33:35.456525 34 storage/rocksdb.go:102  [db/db_impl.cc:565] Shutdown complete
