I201030 02:35:41.198708 34 util/log/clog.go:1196  [config] file created at: 2020/10/30 02:35:41
I201030 02:35:41.198708 34 util/log/clog.go:1196  [config] running on machine: 3987aa0d39d2
I201030 02:35:41.198708 34 util/log/clog.go:1196  [config] binary: CockroachDB CCL v19.2.5 (x86_64-unknown-linux-gnu, built 2020/03/16 18:27:12, go1.12.12)
I201030 02:35:41.198708 34 util/log/clog.go:1196  [config] arguments: [/cockroach/cockroach start --insecure --store=attrs=ssd,path=/var/lib/cockroach]
I201030 02:35:41.198708 34 util/log/clog.go:1196  line format: [IWEF]yymmdd hh:mm:ss.uuuuuu goid file:line msg utf8=✓
I201030 02:35:41.198706 34 storage/engine/rocksdb.go:120  RocksDB version: 6.2.1
I201030 02:35:41.210438 34 storage/engine/rocksdb.go:120  Git sha rocksdb_build_git_sha:@b7009236531fa784872f4823eabf393501e41bf2@
I201030 02:35:41.210444 34 storage/engine/rocksdb.go:120  Compile date Mar 16 2020
I201030 02:35:41.210449 34 storage/engine/rocksdb.go:120  DB SUMMARY
I201030 02:35:41.212642 34 storage/engine/rocksdb.go:120  SST files in /var/lib/cockroach/cockroach-temp909472116 dir, Total Num: 0, files: 
I201030 02:35:41.223606 34 storage/engine/rocksdb.go:120  Write Ahead Log file in /var/lib/cockroach/cockroach-temp909472116: 
I201030 02:35:41.223620 34 storage/engine/rocksdb.go:120                          Options.error_if_exists: 0
I201030 02:35:41.223629 34 storage/engine/rocksdb.go:120                        Options.create_if_missing: 1
I201030 02:35:41.223637 34 storage/engine/rocksdb.go:120                          Options.paranoid_checks: 1
I201030 02:35:41.223645 34 storage/engine/rocksdb.go:120                                      Options.env: 0x75757a0
I201030 02:35:41.223652 34 storage/engine/rocksdb.go:120                                 Options.info_log: 0x7f60674270e0
I201030 02:35:41.223660 34 storage/engine/rocksdb.go:120                 Options.max_file_opening_threads: 16
I201030 02:35:41.223667 34 storage/engine/rocksdb.go:120                               Options.statistics: 0x7f6067434010
I201030 02:35:41.223675 34 storage/engine/rocksdb.go:120                                Options.use_fsync: 0
I201030 02:35:41.223683 34 storage/engine/rocksdb.go:120                        Options.max_log_file_size: 0
I201030 02:35:41.223691 34 storage/engine/rocksdb.go:120                   Options.max_manifest_file_size: 134217728
I201030 02:35:41.223698 34 storage/engine/rocksdb.go:120                    Options.log_file_time_to_roll: 0
I201030 02:35:41.223706 34 storage/engine/rocksdb.go:120                        Options.keep_log_file_num: 1000
I201030 02:35:41.223714 34 storage/engine/rocksdb.go:120                     Options.recycle_log_file_num: 1
I201030 02:35:41.223721 34 storage/engine/rocksdb.go:120                          Options.allow_fallocate: 1
I201030 02:35:41.223729 34 storage/engine/rocksdb.go:120                         Options.allow_mmap_reads: 0
I201030 02:35:41.223736 34 storage/engine/rocksdb.go:120                        Options.allow_mmap_writes: 0
I201030 02:35:41.223744 34 storage/engine/rocksdb.go:120                         Options.use_direct_reads: 0
I201030 02:35:41.223751 34 storage/engine/rocksdb.go:120                         Options.use_direct_io_for_flush_and_compaction: 0
I201030 02:35:41.223759 34 storage/engine/rocksdb.go:120           Options.create_missing_column_families: 0
I201030 02:35:41.223767 34 storage/engine/rocksdb.go:120                               Options.db_log_dir: 
I201030 02:35:41.223774 34 storage/engine/rocksdb.go:120                                  Options.wal_dir: /var/lib/cockroach/cockroach-temp909472116
I201030 02:35:41.223782 34 storage/engine/rocksdb.go:120                 Options.table_cache_numshardbits: 6
I201030 02:35:41.223788 34 storage/engine/rocksdb.go:120                       Options.max_subcompactions: 1
I201030 02:35:41.223797 34 storage/engine/rocksdb.go:120                   Options.max_background_flushes: -1
I201030 02:35:41.223804 34 storage/engine/rocksdb.go:120                          Options.WAL_ttl_seconds: 0
I201030 02:35:41.223811 34 storage/engine/rocksdb.go:120                        Options.WAL_size_limit_MB: 0
I201030 02:35:41.223819 34 storage/engine/rocksdb.go:120              Options.manifest_preallocation_size: 4194304
I201030 02:35:41.223825 34 storage/engine/rocksdb.go:120                      Options.is_fd_close_on_exec: 1
I201030 02:35:41.223833 34 storage/engine/rocksdb.go:120                    Options.advise_random_on_open: 1
I201030 02:35:41.223841 34 storage/engine/rocksdb.go:120                     Options.db_write_buffer_size: 0
I201030 02:35:41.223884 34 storage/engine/rocksdb.go:120                     Options.write_buffer_manager: 0x7f60674190f0
I201030 02:35:41.223895 34 storage/engine/rocksdb.go:120          Options.access_hint_on_compaction_start: 1
I201030 02:35:41.223903 34 storage/engine/rocksdb.go:120   Options.new_table_reader_for_compaction_inputs: 0
I201030 02:35:41.223909 34 storage/engine/rocksdb.go:120            Options.random_access_max_buffer_size: 1048576
I201030 02:35:41.223916 34 storage/engine/rocksdb.go:120                       Options.use_adaptive_mutex: 0
I201030 02:35:41.223925 34 storage/engine/rocksdb.go:120                             Options.rate_limiter: (nil)
I201030 02:35:41.223934 34 storage/engine/rocksdb.go:120      Options.sst_file_manager.rate_bytes_per_sec: 0
I201030 02:35:41.223942 34 storage/engine/rocksdb.go:120                        Options.wal_recovery_mode: 0
I201030 02:35:41.223947 34 storage/engine/rocksdb.go:120                   Options.enable_thread_tracking: 0
I201030 02:35:41.223952 34 storage/engine/rocksdb.go:120                   Options.enable_pipelined_write: 0
I201030 02:35:41.223957 34 storage/engine/rocksdb.go:120          Options.allow_concurrent_memtable_write: 1
I201030 02:35:41.223962 34 storage/engine/rocksdb.go:120       Options.enable_write_thread_adaptive_yield: 1
I201030 02:35:41.223967 34 storage/engine/rocksdb.go:120              Options.write_thread_max_yield_usec: 100
I201030 02:35:41.223973 34 storage/engine/rocksdb.go:120             Options.write_thread_slow_yield_usec: 3
I201030 02:35:41.223978 34 storage/engine/rocksdb.go:120                                Options.row_cache: None
I201030 02:35:41.223984 34 storage/engine/rocksdb.go:120                               Options.wal_filter: None
I201030 02:35:41.223991 34 storage/engine/rocksdb.go:120              Options.avoid_flush_during_recovery: 0
I201030 02:35:41.223997 34 storage/engine/rocksdb.go:120              Options.allow_ingest_behind: 0
I201030 02:35:41.224003 34 storage/engine/rocksdb.go:120              Options.preserve_deletes: 0
I201030 02:35:41.224010 34 storage/engine/rocksdb.go:120              Options.two_write_queues: 0
I201030 02:35:41.224016 34 storage/engine/rocksdb.go:120              Options.manual_wal_flush: 1
I201030 02:35:41.224022 34 storage/engine/rocksdb.go:120              Options.atomic_flush: 0
I201030 02:35:41.224029 34 storage/engine/rocksdb.go:120              Options.avoid_unnecessary_blocking_io: 0
I201030 02:35:41.224036 34 storage/engine/rocksdb.go:120              Options.max_background_jobs: 2
I201030 02:35:41.224043 34 storage/engine/rocksdb.go:120              Options.max_background_compactions: -1
I201030 02:35:41.224048 34 storage/engine/rocksdb.go:120              Options.avoid_flush_during_shutdown: 0
I201030 02:35:41.224054 34 storage/engine/rocksdb.go:120            Options.writable_file_max_buffer_size: 1048576
I201030 02:35:41.224059 34 storage/engine/rocksdb.go:120              Options.delayed_write_rate : 16777216
I201030 02:35:41.224063 34 storage/engine/rocksdb.go:120              Options.max_total_wal_size: 0
I201030 02:35:41.224070 34 storage/engine/rocksdb.go:120              Options.delete_obsolete_files_period_micros: 21600000000
I201030 02:35:41.224074 34 storage/engine/rocksdb.go:120                    Options.stats_dump_period_sec: 0
I201030 02:35:41.224080 34 storage/engine/rocksdb.go:120                  Options.stats_persist_period_sec: 600
I201030 02:35:41.224087 34 storage/engine/rocksdb.go:120                  Options.stats_history_buffer_size: 1048576
I201030 02:35:41.224093 34 storage/engine/rocksdb.go:120                           Options.max_open_files: 128
I201030 02:35:41.224100 34 storage/engine/rocksdb.go:120                           Options.bytes_per_sync: 524288
I201030 02:35:41.224110 34 storage/engine/rocksdb.go:120                       Options.wal_bytes_per_sync: 0
I201030 02:35:41.224115 34 storage/engine/rocksdb.go:120                    Options.strict_bytes_per_sync: 1
I201030 02:35:41.224118 34 storage/engine/rocksdb.go:120        Options.compaction_readahead_size: 0
I201030 02:35:41.224122 34 storage/engine/rocksdb.go:120  Compression algorithms supported:
I201030 02:35:41.224127 34 storage/engine/rocksdb.go:120  	kZSTDNotFinalCompression supported: 0
I201030 02:35:41.224131 34 storage/engine/rocksdb.go:120  	kZSTD supported: 0
I201030 02:35:41.224134 34 storage/engine/rocksdb.go:120  	kXpressCompression supported: 0
I201030 02:35:41.224138 34 storage/engine/rocksdb.go:120  	kLZ4HCCompression supported: 0
I201030 02:35:41.224142 34 storage/engine/rocksdb.go:120  	kLZ4Compression supported: 0
I201030 02:35:41.224146 34 storage/engine/rocksdb.go:120  	kBZip2Compression supported: 0
I201030 02:35:41.224150 34 storage/engine/rocksdb.go:120  	kZlibCompression supported: 0
I201030 02:35:41.224154 34 storage/engine/rocksdb.go:120  	kSnappyCompression supported: 1
I201030 02:35:41.224163 34 storage/engine/rocksdb.go:120  Fast CRC32 supported: Supported on x86
I201030 02:35:41.225535 34 storage/engine/rocksdb.go:120  [db/db_impl_open.cc:242] Creating manifest 1 
I201030 02:35:41.407281 34 storage/engine/rocksdb.go:120  [db/db_impl.cc:392] Shutdown: canceling all background work
I201030 02:35:41.408070 34 storage/engine/rocksdb.go:120  [db/db_impl.cc:565] Shutdown complete
