I201030 02:35:21.647259 9 util/log/clog.go:1196  [config] file created at: 2020/10/30 02:35:21
I201030 02:35:21.647259 9 util/log/clog.go:1196  [config] running on machine: 3987aa0d39d2
I201030 02:35:21.647259 9 util/log/clog.go:1196  [config] binary: CockroachDB CCL v19.2.5 (x86_64-unknown-linux-gnu, built 2020/03/16 18:27:12, go1.12.12)
I201030 02:35:21.647259 9 util/log/clog.go:1196  [config] arguments: [/cockroach/cockroach start --insecure --store=attrs=ssd,path=/var/lib/cockroach]
I201030 02:35:21.647259 9 util/log/clog.go:1196  line format: [IWEF]yymmdd hh:mm:ss.uuuuuu goid file:line msg utf8=✓
I201030 02:35:21.647257 9 storage/engine/rocksdb.go:120  RocksDB version: 6.2.1
I201030 02:35:21.657541 9 storage/engine/rocksdb.go:120  Git sha rocksdb_build_git_sha:@b7009236531fa784872f4823eabf393501e41bf2@
I201030 02:35:21.657567 9 storage/engine/rocksdb.go:120  Compile date Mar 16 2020
I201030 02:35:21.657575 9 storage/engine/rocksdb.go:120  DB SUMMARY
I201030 02:35:21.659607 9 storage/engine/rocksdb.go:120  SST files in /var/lib/cockroach/cockroach-temp389925932 dir, Total Num: 0, files: 
I201030 02:35:21.659615 9 storage/engine/rocksdb.go:120  Write Ahead Log file in /var/lib/cockroach/cockroach-temp389925932: 
I201030 02:35:21.659621 9 storage/engine/rocksdb.go:120                          Options.error_if_exists: 0
I201030 02:35:21.659625 9 storage/engine/rocksdb.go:120                        Options.create_if_missing: 1
I201030 02:35:21.659634 9 storage/engine/rocksdb.go:120                          Options.paranoid_checks: 1
I201030 02:35:21.659638 9 storage/engine/rocksdb.go:120                                      Options.env: 0x75757a0
I201030 02:35:21.659642 9 storage/engine/rocksdb.go:120                                 Options.info_log: 0x7f5a2a4270e0
I201030 02:35:21.659646 9 storage/engine/rocksdb.go:120                 Options.max_file_opening_threads: 16
I201030 02:35:21.659650 9 storage/engine/rocksdb.go:120                               Options.statistics: 0x7f5a2a434010
I201030 02:35:21.659653 9 storage/engine/rocksdb.go:120                                Options.use_fsync: 0
I201030 02:35:21.659659 9 storage/engine/rocksdb.go:120                        Options.max_log_file_size: 0
I201030 02:35:21.659664 9 storage/engine/rocksdb.go:120                   Options.max_manifest_file_size: 134217728
I201030 02:35:21.659668 9 storage/engine/rocksdb.go:120                    Options.log_file_time_to_roll: 0
I201030 02:35:21.659672 9 storage/engine/rocksdb.go:120                        Options.keep_log_file_num: 1000
I201030 02:35:21.659676 9 storage/engine/rocksdb.go:120                     Options.recycle_log_file_num: 1
I201030 02:35:21.659680 9 storage/engine/rocksdb.go:120                          Options.allow_fallocate: 1
I201030 02:35:21.659684 9 storage/engine/rocksdb.go:120                         Options.allow_mmap_reads: 0
I201030 02:35:21.659690 9 storage/engine/rocksdb.go:120                        Options.allow_mmap_writes: 0
I201030 02:35:21.659694 9 storage/engine/rocksdb.go:120                         Options.use_direct_reads: 0
I201030 02:35:21.659698 9 storage/engine/rocksdb.go:120                         Options.use_direct_io_for_flush_and_compaction: 0
I201030 02:35:21.659702 9 storage/engine/rocksdb.go:120           Options.create_missing_column_families: 0
I201030 02:35:21.659719 9 storage/engine/rocksdb.go:120                               Options.db_log_dir: 
I201030 02:35:21.659724 9 storage/engine/rocksdb.go:120                                  Options.wal_dir: /var/lib/cockroach/cockroach-temp389925932
I201030 02:35:21.659730 9 storage/engine/rocksdb.go:120                 Options.table_cache_numshardbits: 6
I201030 02:35:21.659734 9 storage/engine/rocksdb.go:120                       Options.max_subcompactions: 1
I201030 02:35:21.659738 9 storage/engine/rocksdb.go:120                   Options.max_background_flushes: -1
I201030 02:35:21.659742 9 storage/engine/rocksdb.go:120                          Options.WAL_ttl_seconds: 0
I201030 02:35:21.659746 9 storage/engine/rocksdb.go:120                        Options.WAL_size_limit_MB: 0
I201030 02:35:21.659752 9 storage/engine/rocksdb.go:120              Options.manifest_preallocation_size: 4194304
I201030 02:35:21.659758 9 storage/engine/rocksdb.go:120                      Options.is_fd_close_on_exec: 1
I201030 02:35:21.659762 9 storage/engine/rocksdb.go:120                    Options.advise_random_on_open: 1
I201030 02:35:21.659766 9 storage/engine/rocksdb.go:120                     Options.db_write_buffer_size: 0
I201030 02:35:21.659770 9 storage/engine/rocksdb.go:120                     Options.write_buffer_manager: 0x7f5a2a4190f0
I201030 02:35:21.659776 9 storage/engine/rocksdb.go:120          Options.access_hint_on_compaction_start: 1
I201030 02:35:21.659780 9 storage/engine/rocksdb.go:120   Options.new_table_reader_for_compaction_inputs: 0
I201030 02:35:21.659784 9 storage/engine/rocksdb.go:120            Options.random_access_max_buffer_size: 1048576
I201030 02:35:21.659790 9 storage/engine/rocksdb.go:120                       Options.use_adaptive_mutex: 0
I201030 02:35:21.659794 9 storage/engine/rocksdb.go:120                             Options.rate_limiter: (nil)
I201030 02:35:21.659798 9 storage/engine/rocksdb.go:120      Options.sst_file_manager.rate_bytes_per_sec: 0
I201030 02:35:21.659802 9 storage/engine/rocksdb.go:120                        Options.wal_recovery_mode: 0
I201030 02:35:21.659806 9 storage/engine/rocksdb.go:120                   Options.enable_thread_tracking: 0
I201030 02:35:21.659810 9 storage/engine/rocksdb.go:120                   Options.enable_pipelined_write: 0
I201030 02:35:21.659816 9 storage/engine/rocksdb.go:120          Options.allow_concurrent_memtable_write: 1
I201030 02:35:21.659820 9 storage/engine/rocksdb.go:120       Options.enable_write_thread_adaptive_yield: 1
I201030 02:35:21.659840 9 storage/engine/rocksdb.go:120              Options.write_thread_max_yield_usec: 100
I201030 02:35:21.659845 9 storage/engine/rocksdb.go:120             Options.write_thread_slow_yield_usec: 3
I201030 02:35:21.659849 9 storage/engine/rocksdb.go:120                                Options.row_cache: None
I201030 02:35:21.659853 9 storage/engine/rocksdb.go:120                               Options.wal_filter: None
I201030 02:35:21.659857 9 storage/engine/rocksdb.go:120              Options.avoid_flush_during_recovery: 0
I201030 02:35:21.659864 9 storage/engine/rocksdb.go:120              Options.allow_ingest_behind: 0
I201030 02:35:21.659868 9 storage/engine/rocksdb.go:120              Options.preserve_deletes: 0
I201030 02:35:21.659872 9 storage/engine/rocksdb.go:120              Options.two_write_queues: 0
I201030 02:35:21.659876 9 storage/engine/rocksdb.go:120              Options.manual_wal_flush: 1
I201030 02:35:21.659879 9 storage/engine/rocksdb.go:120              Options.atomic_flush: 0
I201030 02:35:21.659883 9 storage/engine/rocksdb.go:120              Options.avoid_unnecessary_blocking_io: 0
I201030 02:35:21.659889 9 storage/engine/rocksdb.go:120              Options.max_background_jobs: 2
I201030 02:35:21.659893 9 storage/engine/rocksdb.go:120              Options.max_background_compactions: -1
I201030 02:35:21.659897 9 storage/engine/rocksdb.go:120              Options.avoid_flush_during_shutdown: 0
I201030 02:35:21.659901 9 storage/engine/rocksdb.go:120            Options.writable_file_max_buffer_size: 1048576
I201030 02:35:21.659905 9 storage/engine/rocksdb.go:120              Options.delayed_write_rate : 16777216
I201030 02:35:21.659909 9 storage/engine/rocksdb.go:120              Options.max_total_wal_size: 0
I201030 02:35:21.659915 9 storage/engine/rocksdb.go:120              Options.delete_obsolete_files_period_micros: 21600000000
I201030 02:35:21.659919 9 storage/engine/rocksdb.go:120                    Options.stats_dump_period_sec: 0
I201030 02:35:21.659923 9 storage/engine/rocksdb.go:120                  Options.stats_persist_period_sec: 600
I201030 02:35:21.659927 9 storage/engine/rocksdb.go:120                  Options.stats_history_buffer_size: 1048576
I201030 02:35:21.659948 9 storage/engine/rocksdb.go:120                           Options.max_open_files: 128
I201030 02:35:21.659955 9 storage/engine/rocksdb.go:120                           Options.bytes_per_sync: 524288
I201030 02:35:21.659965 9 storage/engine/rocksdb.go:120                       Options.wal_bytes_per_sync: 0
I201030 02:35:21.659978 9 storage/engine/rocksdb.go:120                    Options.strict_bytes_per_sync: 1
I201030 02:35:21.659988 9 storage/engine/rocksdb.go:120        Options.compaction_readahead_size: 0
I201030 02:35:21.659996 9 storage/engine/rocksdb.go:120  Compression algorithms supported:
I201030 02:35:21.660005 9 storage/engine/rocksdb.go:120  	kZSTDNotFinalCompression supported: 0
I201030 02:35:21.660014 9 storage/engine/rocksdb.go:120  	kZSTD supported: 0
I201030 02:35:21.660020 9 storage/engine/rocksdb.go:120  	kXpressCompression supported: 0
I201030 02:35:21.660031 9 storage/engine/rocksdb.go:120  	kLZ4HCCompression supported: 0
I201030 02:35:21.660039 9 storage/engine/rocksdb.go:120  	kLZ4Compression supported: 0
I201030 02:35:21.660047 9 storage/engine/rocksdb.go:120  	kBZip2Compression supported: 0
I201030 02:35:21.660054 9 storage/engine/rocksdb.go:120  	kZlibCompression supported: 0
I201030 02:35:21.660060 9 storage/engine/rocksdb.go:120  	kSnappyCompression supported: 1
I201030 02:35:21.660070 9 storage/engine/rocksdb.go:120  Fast CRC32 supported: Supported on x86
I201030 02:35:21.662449 9 storage/engine/rocksdb.go:120  [db/db_impl_open.cc:242] Creating manifest 1 
I201030 02:35:21.866355 9 storage/engine/rocksdb.go:120  [db/db_impl.cc:392] Shutdown: canceling all background work
I201030 02:35:21.867264 9 storage/engine/rocksdb.go:120  [db/db_impl.cc:565] Shutdown complete
