I201030 02:34:03.335116 30 util/log/sync_buffer.go:70  [config] file created at: 2020/10/30 02:34:03
I201030 02:34:03.335116 30 util/log/sync_buffer.go:70  [config] running on machine: e8ab4be630d2
I201030 02:34:03.335116 30 util/log/sync_buffer.go:70  [config] binary: CockroachDB CCL v20.1.8 (x86_64-unknown-linux-gnu, built 2020/10/21 15:46:38, go1.13.9)
I201030 02:34:03.335116 30 util/log/sync_buffer.go:70  [config] arguments: [/cockroach/cockroach start --insecure --store=attrs=ssd,path=/var/lib/cockroach]
I201030 02:34:03.335116 30 util/log/sync_buffer.go:70  line format: [IWEF]yymmdd hh:mm:ss.uuuuuu goid file:line msg utf8=✓
I201030 02:34:03.335114 30 storage/rocksdb.go:102  RocksDB version: 6.2.1
I201030 02:34:03.347107 30 storage/rocksdb.go:102  Git sha rocksdb_build_git_sha:@2512e96f3bf87b3c1b5b0183ed2ec421dc35d0d7@
I201030 02:34:03.347115 30 storage/rocksdb.go:102  Compile date Oct 21 2020
I201030 02:34:03.347122 30 storage/rocksdb.go:102  DB SUMMARY
I201030 02:34:03.349390 30 storage/rocksdb.go:102  SST files in /var/lib/cockroach/cockroach-temp619559852 dir, Total Num: 0, files: 
I201030 02:34:03.349399 30 storage/rocksdb.go:102  Write Ahead Log file in /var/lib/cockroach/cockroach-temp619559852: 
I201030 02:34:03.349406 30 storage/rocksdb.go:102                          Options.error_if_exists: 0
I201030 02:34:03.349411 30 storage/rocksdb.go:102                        Options.create_if_missing: 1
I201030 02:34:03.349415 30 storage/rocksdb.go:102                          Options.paranoid_checks: 1
I201030 02:34:03.349418 30 storage/rocksdb.go:102                                      Options.env: 0x759fd00
I201030 02:34:03.349422 30 storage/rocksdb.go:102                                 Options.info_log: 0x7fc8332270e0
I201030 02:34:03.349426 30 storage/rocksdb.go:102                 Options.max_file_opening_threads: 16
I201030 02:34:03.349430 30 storage/rocksdb.go:102                               Options.statistics: 0x7fc833234010
I201030 02:34:03.349434 30 storage/rocksdb.go:102                                Options.use_fsync: 0
I201030 02:34:03.349438 30 storage/rocksdb.go:102                        Options.max_log_file_size: 0
I201030 02:34:03.349442 30 storage/rocksdb.go:102                   Options.max_manifest_file_size: 134217728
I201030 02:34:03.349446 30 storage/rocksdb.go:102                    Options.log_file_time_to_roll: 0
I201030 02:34:03.349450 30 storage/rocksdb.go:102                        Options.keep_log_file_num: 1000
I201030 02:34:03.349453 30 storage/rocksdb.go:102                     Options.recycle_log_file_num: 1
I201030 02:34:03.349459 30 storage/rocksdb.go:102                          Options.allow_fallocate: 1
I201030 02:34:03.349466 30 storage/rocksdb.go:102                         Options.allow_mmap_reads: 0
I201030 02:34:03.349472 30 storage/rocksdb.go:102                        Options.allow_mmap_writes: 0
I201030 02:34:03.349478 30 storage/rocksdb.go:102                         Options.use_direct_reads: 0
I201030 02:34:03.349485 30 storage/rocksdb.go:102                         Options.use_direct_io_for_flush_and_compaction: 0
I201030 02:34:03.349491 30 storage/rocksdb.go:102           Options.create_missing_column_families: 0
I201030 02:34:03.349498 30 storage/rocksdb.go:102                               Options.db_log_dir: 
I201030 02:34:03.349508 30 storage/rocksdb.go:102                                  Options.wal_dir: /var/lib/cockroach/cockroach-temp619559852
I201030 02:34:03.349514 30 storage/rocksdb.go:102                 Options.table_cache_numshardbits: 6
I201030 02:34:03.349533 30 storage/rocksdb.go:102                       Options.max_subcompactions: 1
I201030 02:34:03.349542 30 storage/rocksdb.go:102                   Options.max_background_flushes: -1
I201030 02:34:03.349547 30 storage/rocksdb.go:102                          Options.WAL_ttl_seconds: 0
I201030 02:34:03.349551 30 storage/rocksdb.go:102                        Options.WAL_size_limit_MB: 0
I201030 02:34:03.349556 30 storage/rocksdb.go:102              Options.manifest_preallocation_size: 4194304
I201030 02:34:03.349561 30 storage/rocksdb.go:102                      Options.is_fd_close_on_exec: 1
I201030 02:34:03.349565 30 storage/rocksdb.go:102                    Options.advise_random_on_open: 1
I201030 02:34:03.349569 30 storage/rocksdb.go:102                     Options.db_write_buffer_size: 0
I201030 02:34:03.349573 30 storage/rocksdb.go:102                     Options.write_buffer_manager: 0x7fc8332190f0
I201030 02:34:03.349577 30 storage/rocksdb.go:102          Options.access_hint_on_compaction_start: 1
I201030 02:34:03.349580 30 storage/rocksdb.go:102   Options.new_table_reader_for_compaction_inputs: 0
I201030 02:34:03.349585 30 storage/rocksdb.go:102            Options.random_access_max_buffer_size: 1048576
I201030 02:34:03.349595 30 storage/rocksdb.go:102                       Options.use_adaptive_mutex: 0
I201030 02:34:03.349599 30 storage/rocksdb.go:102                             Options.rate_limiter: (nil)
I201030 02:34:03.349612 30 storage/rocksdb.go:102      Options.sst_file_manager.rate_bytes_per_sec: 0
I201030 02:34:03.349616 30 storage/rocksdb.go:102                        Options.wal_recovery_mode: 0
I201030 02:34:03.349620 30 storage/rocksdb.go:102                   Options.enable_thread_tracking: 0
I201030 02:34:03.349624 30 storage/rocksdb.go:102                   Options.enable_pipelined_write: 0
I201030 02:34:03.349627 30 storage/rocksdb.go:102          Options.allow_concurrent_memtable_write: 1
I201030 02:34:03.349631 30 storage/rocksdb.go:102       Options.enable_write_thread_adaptive_yield: 1
I201030 02:34:03.349635 30 storage/rocksdb.go:102              Options.write_thread_max_yield_usec: 100
I201030 02:34:03.349639 30 storage/rocksdb.go:102             Options.write_thread_slow_yield_usec: 3
I201030 02:34:03.349642 30 storage/rocksdb.go:102                                Options.row_cache: None
I201030 02:34:03.349646 30 storage/rocksdb.go:102                               Options.wal_filter: None
I201030 02:34:03.349650 30 storage/rocksdb.go:102              Options.avoid_flush_during_recovery: 0
I201030 02:34:03.349654 30 storage/rocksdb.go:102              Options.allow_ingest_behind: 0
I201030 02:34:03.349658 30 storage/rocksdb.go:102              Options.preserve_deletes: 0
I201030 02:34:03.349662 30 storage/rocksdb.go:102              Options.two_write_queues: 0
I201030 02:34:03.349677 30 storage/rocksdb.go:102              Options.manual_wal_flush: 1
I201030 02:34:03.349684 30 storage/rocksdb.go:102              Options.atomic_flush: 0
I201030 02:34:03.349689 30 storage/rocksdb.go:102              Options.avoid_unnecessary_blocking_io: 0
I201030 02:34:03.349693 30 storage/rocksdb.go:102              Options.max_background_jobs: 2
I201030 02:34:03.349697 30 storage/rocksdb.go:102              Options.max_background_compactions: -1
I201030 02:34:03.349702 30 storage/rocksdb.go:102              Options.avoid_flush_during_shutdown: 0
I201030 02:34:03.349708 30 storage/rocksdb.go:102            Options.writable_file_max_buffer_size: 1048576
I201030 02:34:03.349714 30 storage/rocksdb.go:102              Options.delayed_write_rate : 16777216
I201030 02:34:03.349720 30 storage/rocksdb.go:102              Options.max_total_wal_size: 0
I201030 02:34:03.349726 30 storage/rocksdb.go:102              Options.delete_obsolete_files_period_micros: 21600000000
I201030 02:34:03.349733 30 storage/rocksdb.go:102                    Options.stats_dump_period_sec: 0
I201030 02:34:03.349740 30 storage/rocksdb.go:102                  Options.stats_persist_period_sec: 600
I201030 02:34:03.349746 30 storage/rocksdb.go:102                  Options.stats_history_buffer_size: 1048576
I201030 02:34:03.349753 30 storage/rocksdb.go:102                           Options.max_open_files: 128
I201030 02:34:03.349759 30 storage/rocksdb.go:102                           Options.bytes_per_sync: 524288
I201030 02:34:03.349765 30 storage/rocksdb.go:102                       Options.wal_bytes_per_sync: 0
I201030 02:34:03.349775 30 storage/rocksdb.go:102                    Options.strict_bytes_per_sync: 1
I201030 02:34:03.349781 30 storage/rocksdb.go:102        Options.compaction_readahead_size: 0
I201030 02:34:03.349785 30 storage/rocksdb.go:102  Compression algorithms supported:
I201030 02:34:03.349790 30 storage/rocksdb.go:102  	kZSTDNotFinalCompression supported: 0
I201030 02:34:03.349794 30 storage/rocksdb.go:102  	kZSTD supported: 0
I201030 02:34:03.349812 30 storage/rocksdb.go:102  	kXpressCompression supported: 0
I201030 02:34:03.349819 30 storage/rocksdb.go:102  	kLZ4HCCompression supported: 0
I201030 02:34:03.349824 30 storage/rocksdb.go:102  	kLZ4Compression supported: 0
I201030 02:34:03.349828 30 storage/rocksdb.go:102  	kBZip2Compression supported: 0
I201030 02:34:03.349837 30 storage/rocksdb.go:102  	kZlibCompression supported: 0
I201030 02:34:03.349841 30 storage/rocksdb.go:102  	kSnappyCompression supported: 1
I201030 02:34:03.349850 30 storage/rocksdb.go:102  Fast CRC32 supported: Supported on x86
I201030 02:34:03.352388 30 storage/rocksdb.go:102  [db/db_impl_open.cc:242] Creating manifest 1 
I201030 02:34:03.515477 30 storage/rocksdb.go:102  [db/db_impl.cc:392] Shutdown: canceling all background work
I201030 02:34:03.516283 30 storage/rocksdb.go:102  [db/db_impl.cc:565] Shutdown complete
