I201030 02:32:57.175824 14 util/log/sync_buffer.go:70  [config] file created at: 2020/10/30 02:32:57
I201030 02:32:57.175824 14 util/log/sync_buffer.go:70  [config] running on machine: e8ab4be630d2
I201030 02:32:57.175824 14 util/log/sync_buffer.go:70  [config] binary: CockroachDB CCL v20.1.8 (x86_64-unknown-linux-gnu, built 2020/10/21 15:46:38, go1.13.9)
I201030 02:32:57.175824 14 util/log/sync_buffer.go:70  [config] arguments: [/cockroach/cockroach start --insecure --store=attrs=ssd,path=/var/lib/cockroach]
I201030 02:32:57.175824 14 util/log/sync_buffer.go:70  line format: [IWEF]yymmdd hh:mm:ss.uuuuuu goid file:line msg utf8=✓
I201030 02:32:57.175821 14 storage/rocksdb.go:102  RocksDB version: 6.2.1
I201030 02:32:57.191112 14 storage/rocksdb.go:102  Git sha rocksdb_build_git_sha:@2512e96f3bf87b3c1b5b0183ed2ec421dc35d0d7@
I201030 02:32:57.191122 14 storage/rocksdb.go:102  Compile date Oct 21 2020
I201030 02:32:57.191130 14 storage/rocksdb.go:102  DB SUMMARY
I201030 02:32:57.197248 14 storage/rocksdb.go:102  SST files in /var/lib/cockroach/cockroach-temp282388468 dir, Total Num: 0, files: 
I201030 02:32:57.197263 14 storage/rocksdb.go:102  Write Ahead Log file in /var/lib/cockroach/cockroach-temp282388468: 
I201030 02:32:57.197272 14 storage/rocksdb.go:102                          Options.error_if_exists: 0
I201030 02:32:57.197278 14 storage/rocksdb.go:102                        Options.create_if_missing: 1
I201030 02:32:57.197284 14 storage/rocksdb.go:102                          Options.paranoid_checks: 1
I201030 02:32:57.197290 14 storage/rocksdb.go:102                                      Options.env: 0x759fd00
I201030 02:32:57.197300 14 storage/rocksdb.go:102                                 Options.info_log: 0x7fae5d6270e0
I201030 02:32:57.197311 14 storage/rocksdb.go:102                 Options.max_file_opening_threads: 16
I201030 02:32:57.197320 14 storage/rocksdb.go:102                               Options.statistics: 0x7fae5d634010
I201030 02:32:57.197328 14 storage/rocksdb.go:102                                Options.use_fsync: 0
I201030 02:32:57.197335 14 storage/rocksdb.go:102                        Options.max_log_file_size: 0
I201030 02:32:57.197342 14 storage/rocksdb.go:102                   Options.max_manifest_file_size: 134217728
I201030 02:32:57.197350 14 storage/rocksdb.go:102                    Options.log_file_time_to_roll: 0
I201030 02:32:57.197358 14 storage/rocksdb.go:102                        Options.keep_log_file_num: 1000
I201030 02:32:57.197366 14 storage/rocksdb.go:102                     Options.recycle_log_file_num: 1
I201030 02:32:57.197402 14 storage/rocksdb.go:102                          Options.allow_fallocate: 1
I201030 02:32:57.197411 14 storage/rocksdb.go:102                         Options.allow_mmap_reads: 0
I201030 02:32:57.197416 14 storage/rocksdb.go:102                        Options.allow_mmap_writes: 0
I201030 02:32:57.197476 14 storage/rocksdb.go:102                         Options.use_direct_reads: 0
I201030 02:32:57.197484 14 storage/rocksdb.go:102                         Options.use_direct_io_for_flush_and_compaction: 0
I201030 02:32:57.197491 14 storage/rocksdb.go:102           Options.create_missing_column_families: 0
I201030 02:32:57.197497 14 storage/rocksdb.go:102                               Options.db_log_dir: 
I201030 02:32:57.197504 14 storage/rocksdb.go:102                                  Options.wal_dir: /var/lib/cockroach/cockroach-temp282388468
I201030 02:32:57.197510 14 storage/rocksdb.go:102                 Options.table_cache_numshardbits: 6
I201030 02:32:57.197518 14 storage/rocksdb.go:102                       Options.max_subcompactions: 1
I201030 02:32:57.197524 14 storage/rocksdb.go:102                   Options.max_background_flushes: -1
I201030 02:32:57.197530 14 storage/rocksdb.go:102                          Options.WAL_ttl_seconds: 0
I201030 02:32:57.197536 14 storage/rocksdb.go:102                        Options.WAL_size_limit_MB: 0
I201030 02:32:57.197542 14 storage/rocksdb.go:102              Options.manifest_preallocation_size: 4194304
I201030 02:32:57.197547 14 storage/rocksdb.go:102                      Options.is_fd_close_on_exec: 1
I201030 02:32:57.197554 14 storage/rocksdb.go:102                    Options.advise_random_on_open: 1
I201030 02:32:57.197560 14 storage/rocksdb.go:102                     Options.db_write_buffer_size: 0
I201030 02:32:57.197566 14 storage/rocksdb.go:102                     Options.write_buffer_manager: 0x7fae5d6190f0
I201030 02:32:57.197591 14 storage/rocksdb.go:102          Options.access_hint_on_compaction_start: 1
I201030 02:32:57.197598 14 storage/rocksdb.go:102   Options.new_table_reader_for_compaction_inputs: 0
I201030 02:32:57.197606 14 storage/rocksdb.go:102            Options.random_access_max_buffer_size: 1048576
I201030 02:32:57.197621 14 storage/rocksdb.go:102                       Options.use_adaptive_mutex: 0
I201030 02:32:57.197632 14 storage/rocksdb.go:102                             Options.rate_limiter: (nil)
I201030 02:32:57.197640 14 storage/rocksdb.go:102      Options.sst_file_manager.rate_bytes_per_sec: 0
I201030 02:32:57.197647 14 storage/rocksdb.go:102                        Options.wal_recovery_mode: 0
I201030 02:32:57.197656 14 storage/rocksdb.go:102                   Options.enable_thread_tracking: 0
I201030 02:32:57.197673 14 storage/rocksdb.go:102                   Options.enable_pipelined_write: 0
I201030 02:32:57.197681 14 storage/rocksdb.go:102          Options.allow_concurrent_memtable_write: 1
I201030 02:32:57.197687 14 storage/rocksdb.go:102       Options.enable_write_thread_adaptive_yield: 1
I201030 02:32:57.197700 14 storage/rocksdb.go:102              Options.write_thread_max_yield_usec: 100
I201030 02:32:57.197708 14 storage/rocksdb.go:102             Options.write_thread_slow_yield_usec: 3
I201030 02:32:57.197715 14 storage/rocksdb.go:102                                Options.row_cache: None
I201030 02:32:57.197722 14 storage/rocksdb.go:102                               Options.wal_filter: None
I201030 02:32:57.197729 14 storage/rocksdb.go:102              Options.avoid_flush_during_recovery: 0
I201030 02:32:57.197737 14 storage/rocksdb.go:102              Options.allow_ingest_behind: 0
I201030 02:32:57.197744 14 storage/rocksdb.go:102              Options.preserve_deletes: 0
I201030 02:32:57.197751 14 storage/rocksdb.go:102              Options.two_write_queues: 0
I201030 02:32:57.197758 14 storage/rocksdb.go:102              Options.manual_wal_flush: 1
I201030 02:32:57.197764 14 storage/rocksdb.go:102              Options.atomic_flush: 0
I201030 02:32:57.197771 14 storage/rocksdb.go:102              Options.avoid_unnecessary_blocking_io: 0
I201030 02:32:57.197778 14 storage/rocksdb.go:102              Options.max_background_jobs: 2
I201030 02:32:57.197785 14 storage/rocksdb.go:102              Options.max_background_compactions: -1
I201030 02:32:57.197792 14 storage/rocksdb.go:102              Options.avoid_flush_during_shutdown: 0
I201030 02:32:57.197799 14 storage/rocksdb.go:102            Options.writable_file_max_buffer_size: 1048576
I201030 02:32:57.197806 14 storage/rocksdb.go:102              Options.delayed_write_rate : 16777216
I201030 02:32:57.197813 14 storage/rocksdb.go:102              Options.max_total_wal_size: 0
I201030 02:32:57.197821 14 storage/rocksdb.go:102              Options.delete_obsolete_files_period_micros: 21600000000
I201030 02:32:57.197828 14 storage/rocksdb.go:102                    Options.stats_dump_period_sec: 0
I201030 02:32:57.197835 14 storage/rocksdb.go:102                  Options.stats_persist_period_sec: 600
I201030 02:32:57.197842 14 storage/rocksdb.go:102                  Options.stats_history_buffer_size: 1048576
I201030 02:32:57.197849 14 storage/rocksdb.go:102                           Options.max_open_files: 128
I201030 02:32:57.197856 14 storage/rocksdb.go:102                           Options.bytes_per_sync: 524288
I201030 02:32:57.197864 14 storage/rocksdb.go:102                       Options.wal_bytes_per_sync: 0
I201030 02:32:57.197871 14 storage/rocksdb.go:102                    Options.strict_bytes_per_sync: 1
I201030 02:32:57.197878 14 storage/rocksdb.go:102        Options.compaction_readahead_size: 0
I201030 02:32:57.197886 14 storage/rocksdb.go:102  Compression algorithms supported:
I201030 02:32:57.197894 14 storage/rocksdb.go:102  	kZSTDNotFinalCompression supported: 0
I201030 02:32:57.197902 14 storage/rocksdb.go:102  	kZSTD supported: 0
I201030 02:32:57.197910 14 storage/rocksdb.go:102  	kXpressCompression supported: 0
I201030 02:32:57.197917 14 storage/rocksdb.go:102  	kLZ4HCCompression supported: 0
I201030 02:32:57.197925 14 storage/rocksdb.go:102  	kLZ4Compression supported: 0
I201030 02:32:57.197933 14 storage/rocksdb.go:102  	kBZip2Compression supported: 0
I201030 02:32:57.198026 14 storage/rocksdb.go:102  	kZlibCompression supported: 0
I201030 02:32:57.198040 14 storage/rocksdb.go:102  	kSnappyCompression supported: 1
I201030 02:32:57.198055 14 storage/rocksdb.go:102  Fast CRC32 supported: Supported on x86
I201030 02:32:57.202868 14 storage/rocksdb.go:102  [db/db_impl_open.cc:242] Creating manifest 1 
I201030 02:32:57.367611 14 storage/rocksdb.go:102  [db/db_impl.cc:392] Shutdown: canceling all background work
I201030 02:32:57.368505 14 storage/rocksdb.go:102  [db/db_impl.cc:565] Shutdown complete
