I201030 02:35:27.586724 35 util/log/clog.go:1196  [config] file created at: 2020/10/30 02:35:27
I201030 02:35:27.586724 35 util/log/clog.go:1196  [config] running on machine: 3987aa0d39d2
I201030 02:35:27.586724 35 util/log/clog.go:1196  [config] binary: CockroachDB CCL v19.2.5 (x86_64-unknown-linux-gnu, built 2020/03/16 18:27:12, go1.12.12)
I201030 02:35:27.586724 35 util/log/clog.go:1196  [config] arguments: [/cockroach/cockroach start --insecure --store=attrs=ssd,path=/var/lib/cockroach]
I201030 02:35:27.586724 35 util/log/clog.go:1196  line format: [IWEF]yymmdd hh:mm:ss.uuuuuu goid file:line msg utf8=✓
I201030 02:35:27.586722 35 storage/engine/rocksdb.go:120  RocksDB version: 6.2.1
I201030 02:35:27.597081 35 storage/engine/rocksdb.go:120  Git sha rocksdb_build_git_sha:@b7009236531fa784872f4823eabf393501e41bf2@
I201030 02:35:27.597087 35 storage/engine/rocksdb.go:120  Compile date Mar 16 2020
I201030 02:35:27.597091 35 storage/engine/rocksdb.go:120  DB SUMMARY
I201030 02:35:27.599060 35 storage/engine/rocksdb.go:120  SST files in /var/lib/cockroach/cockroach-temp142350276 dir, Total Num: 0, files: 
I201030 02:35:27.609752 35 storage/engine/rocksdb.go:120  Write Ahead Log file in /var/lib/cockroach/cockroach-temp142350276: 
I201030 02:35:27.609759 35 storage/engine/rocksdb.go:120                          Options.error_if_exists: 0
I201030 02:35:27.609763 35 storage/engine/rocksdb.go:120                        Options.create_if_missing: 1
I201030 02:35:27.609767 35 storage/engine/rocksdb.go:120                          Options.paranoid_checks: 1
I201030 02:35:27.609771 35 storage/engine/rocksdb.go:120                                      Options.env: 0x75757a0
I201030 02:35:27.609774 35 storage/engine/rocksdb.go:120                                 Options.info_log: 0x7f82c4c270e0
I201030 02:35:27.609778 35 storage/engine/rocksdb.go:120                 Options.max_file_opening_threads: 16
I201030 02:35:27.609781 35 storage/engine/rocksdb.go:120                               Options.statistics: 0x7f82c4c34010
I201030 02:35:27.609785 35 storage/engine/rocksdb.go:120                                Options.use_fsync: 0
I201030 02:35:27.609789 35 storage/engine/rocksdb.go:120                        Options.max_log_file_size: 0
I201030 02:35:27.609792 35 storage/engine/rocksdb.go:120                   Options.max_manifest_file_size: 134217728
I201030 02:35:27.609796 35 storage/engine/rocksdb.go:120                    Options.log_file_time_to_roll: 0
I201030 02:35:27.609800 35 storage/engine/rocksdb.go:120                        Options.keep_log_file_num: 1000
I201030 02:35:27.609803 35 storage/engine/rocksdb.go:120                     Options.recycle_log_file_num: 1
I201030 02:35:27.609807 35 storage/engine/rocksdb.go:120                          Options.allow_fallocate: 1
I201030 02:35:27.609810 35 storage/engine/rocksdb.go:120                         Options.allow_mmap_reads: 0
I201030 02:35:27.609837 35 storage/engine/rocksdb.go:120                        Options.allow_mmap_writes: 0
I201030 02:35:27.609841 35 storage/engine/rocksdb.go:120                         Options.use_direct_reads: 0
I201030 02:35:27.609845 35 storage/engine/rocksdb.go:120                         Options.use_direct_io_for_flush_and_compaction: 0
I201030 02:35:27.609849 35 storage/engine/rocksdb.go:120           Options.create_missing_column_families: 0
I201030 02:35:27.609853 35 storage/engine/rocksdb.go:120                               Options.db_log_dir: 
I201030 02:35:27.609857 35 storage/engine/rocksdb.go:120                                  Options.wal_dir: /var/lib/cockroach/cockroach-temp142350276
I201030 02:35:27.609862 35 storage/engine/rocksdb.go:120                 Options.table_cache_numshardbits: 6
I201030 02:35:27.609865 35 storage/engine/rocksdb.go:120                       Options.max_subcompactions: 1
I201030 02:35:27.609869 35 storage/engine/rocksdb.go:120                   Options.max_background_flushes: -1
I201030 02:35:27.609874 35 storage/engine/rocksdb.go:120                          Options.WAL_ttl_seconds: 0
I201030 02:35:27.609878 35 storage/engine/rocksdb.go:120                        Options.WAL_size_limit_MB: 0
I201030 02:35:27.609882 35 storage/engine/rocksdb.go:120              Options.manifest_preallocation_size: 4194304
I201030 02:35:27.609886 35 storage/engine/rocksdb.go:120                      Options.is_fd_close_on_exec: 1
I201030 02:35:27.609890 35 storage/engine/rocksdb.go:120                    Options.advise_random_on_open: 1
I201030 02:35:27.609894 35 storage/engine/rocksdb.go:120                     Options.db_write_buffer_size: 0
I201030 02:35:27.609898 35 storage/engine/rocksdb.go:120                     Options.write_buffer_manager: 0x7f82c4c190f0
I201030 02:35:27.609908 35 storage/engine/rocksdb.go:120          Options.access_hint_on_compaction_start: 1
I201030 02:35:27.609911 35 storage/engine/rocksdb.go:120   Options.new_table_reader_for_compaction_inputs: 0
I201030 02:35:27.609915 35 storage/engine/rocksdb.go:120            Options.random_access_max_buffer_size: 1048576
I201030 02:35:27.609919 35 storage/engine/rocksdb.go:120                       Options.use_adaptive_mutex: 0
I201030 02:35:27.609922 35 storage/engine/rocksdb.go:120                             Options.rate_limiter: (nil)
I201030 02:35:27.609926 35 storage/engine/rocksdb.go:120      Options.sst_file_manager.rate_bytes_per_sec: 0
I201030 02:35:27.609930 35 storage/engine/rocksdb.go:120                        Options.wal_recovery_mode: 0
I201030 02:35:27.609934 35 storage/engine/rocksdb.go:120                   Options.enable_thread_tracking: 0
I201030 02:35:27.609937 35 storage/engine/rocksdb.go:120                   Options.enable_pipelined_write: 0
I201030 02:35:27.609941 35 storage/engine/rocksdb.go:120          Options.allow_concurrent_memtable_write: 1
I201030 02:35:27.609944 35 storage/engine/rocksdb.go:120       Options.enable_write_thread_adaptive_yield: 1
I201030 02:35:27.609948 35 storage/engine/rocksdb.go:120              Options.write_thread_max_yield_usec: 100
I201030 02:35:27.609951 35 storage/engine/rocksdb.go:120             Options.write_thread_slow_yield_usec: 3
I201030 02:35:27.609955 35 storage/engine/rocksdb.go:120                                Options.row_cache: None
I201030 02:35:27.609958 35 storage/engine/rocksdb.go:120                               Options.wal_filter: None
I201030 02:35:27.609962 35 storage/engine/rocksdb.go:120              Options.avoid_flush_during_recovery: 0
I201030 02:35:27.609966 35 storage/engine/rocksdb.go:120              Options.allow_ingest_behind: 0
I201030 02:35:27.609969 35 storage/engine/rocksdb.go:120              Options.preserve_deletes: 0
I201030 02:35:27.609973 35 storage/engine/rocksdb.go:120              Options.two_write_queues: 0
I201030 02:35:27.609976 35 storage/engine/rocksdb.go:120              Options.manual_wal_flush: 1
I201030 02:35:27.609980 35 storage/engine/rocksdb.go:120              Options.atomic_flush: 0
I201030 02:35:27.609984 35 storage/engine/rocksdb.go:120              Options.avoid_unnecessary_blocking_io: 0
I201030 02:35:27.609988 35 storage/engine/rocksdb.go:120              Options.max_background_jobs: 2
I201030 02:35:27.609992 35 storage/engine/rocksdb.go:120              Options.max_background_compactions: -1
I201030 02:35:27.609995 35 storage/engine/rocksdb.go:120              Options.avoid_flush_during_shutdown: 0
I201030 02:35:27.609999 35 storage/engine/rocksdb.go:120            Options.writable_file_max_buffer_size: 1048576
I201030 02:35:27.610002 35 storage/engine/rocksdb.go:120              Options.delayed_write_rate : 16777216
I201030 02:35:27.610008 35 storage/engine/rocksdb.go:120              Options.max_total_wal_size: 0
I201030 02:35:27.610011 35 storage/engine/rocksdb.go:120              Options.delete_obsolete_files_period_micros: 21600000000
I201030 02:35:27.610015 35 storage/engine/rocksdb.go:120                    Options.stats_dump_period_sec: 0
I201030 02:35:27.610019 35 storage/engine/rocksdb.go:120                  Options.stats_persist_period_sec: 600
I201030 02:35:27.610022 35 storage/engine/rocksdb.go:120                  Options.stats_history_buffer_size: 1048576
I201030 02:35:27.610026 35 storage/engine/rocksdb.go:120                           Options.max_open_files: 128
I201030 02:35:27.610029 35 storage/engine/rocksdb.go:120                           Options.bytes_per_sync: 524288
I201030 02:35:27.610033 35 storage/engine/rocksdb.go:120                       Options.wal_bytes_per_sync: 0
I201030 02:35:27.610036 35 storage/engine/rocksdb.go:120                    Options.strict_bytes_per_sync: 1
I201030 02:35:27.610040 35 storage/engine/rocksdb.go:120        Options.compaction_readahead_size: 0
I201030 02:35:27.610044 35 storage/engine/rocksdb.go:120  Compression algorithms supported:
I201030 02:35:27.610049 35 storage/engine/rocksdb.go:120  	kZSTDNotFinalCompression supported: 0
I201030 02:35:27.610053 35 storage/engine/rocksdb.go:120  	kZSTD supported: 0
I201030 02:35:27.610057 35 storage/engine/rocksdb.go:120  	kXpressCompression supported: 0
I201030 02:35:27.610060 35 storage/engine/rocksdb.go:120  	kLZ4HCCompression supported: 0
I201030 02:35:27.610064 35 storage/engine/rocksdb.go:120  	kLZ4Compression supported: 0
I201030 02:35:27.610068 35 storage/engine/rocksdb.go:120  	kBZip2Compression supported: 0
I201030 02:35:27.610071 35 storage/engine/rocksdb.go:120  	kZlibCompression supported: 0
I201030 02:35:27.610075 35 storage/engine/rocksdb.go:120  	kSnappyCompression supported: 1
I201030 02:35:27.610083 35 storage/engine/rocksdb.go:120  Fast CRC32 supported: Supported on x86
I201030 02:35:27.611432 35 storage/engine/rocksdb.go:120  [db/db_impl_open.cc:242] Creating manifest 1 
I201030 02:35:27.784966 35 storage/engine/rocksdb.go:120  [db/db_impl.cc:392] Shutdown: canceling all background work
I201030 02:35:27.786423 35 storage/engine/rocksdb.go:120  [db/db_impl.cc:565] Shutdown complete
