I201030 02:35:11.396902 26 util/log/clog.go:1196  [config] file created at: 2020/10/30 02:35:11
I201030 02:35:11.396902 26 util/log/clog.go:1196  [config] running on machine: 3987aa0d39d2
I201030 02:35:11.396902 26 util/log/clog.go:1196  [config] binary: CockroachDB CCL v19.2.5 (x86_64-unknown-linux-gnu, built 2020/03/16 18:27:12, go1.12.12)
I201030 02:35:11.396902 26 util/log/clog.go:1196  [config] arguments: [/cockroach/cockroach start --insecure --store=attrs=ssd,path=/var/lib/cockroach]
I201030 02:35:11.396902 26 util/log/clog.go:1196  line format: [IWEF]yymmdd hh:mm:ss.uuuuuu goid file:line msg utf8=✓
I201030 02:35:11.396899 26 storage/engine/rocksdb.go:120  RocksDB version: 6.2.1
I201030 02:35:11.409565 26 storage/engine/rocksdb.go:120  Git sha rocksdb_build_git_sha:@b7009236531fa784872f4823eabf393501e41bf2@
I201030 02:35:11.409572 26 storage/engine/rocksdb.go:120  Compile date Mar 16 2020
I201030 02:35:11.409577 26 storage/engine/rocksdb.go:120  DB SUMMARY
I201030 02:35:11.411354 26 storage/engine/rocksdb.go:120  SST files in /var/lib/cockroach/cockroach-temp821126744 dir, Total Num: 0, files: 
I201030 02:35:11.424963 26 storage/engine/rocksdb.go:120  Write Ahead Log file in /var/lib/cockroach/cockroach-temp821126744: 
I201030 02:35:11.424977 26 storage/engine/rocksdb.go:120                          Options.error_if_exists: 0
I201030 02:35:11.424987 26 storage/engine/rocksdb.go:120                        Options.create_if_missing: 1
I201030 02:35:11.424996 26 storage/engine/rocksdb.go:120                          Options.paranoid_checks: 1
I201030 02:35:11.425002 26 storage/engine/rocksdb.go:120                                      Options.env: 0x75757a0
I201030 02:35:11.425010 26 storage/engine/rocksdb.go:120                                 Options.info_log: 0x7f5e92e87f80
I201030 02:35:11.425017 26 storage/engine/rocksdb.go:120                 Options.max_file_opening_threads: 16
I201030 02:35:11.425026 26 storage/engine/rocksdb.go:120                               Options.statistics: 0x7f5e92e1d8d0
I201030 02:35:11.425035 26 storage/engine/rocksdb.go:120                                Options.use_fsync: 0
I201030 02:35:11.425045 26 storage/engine/rocksdb.go:120                        Options.max_log_file_size: 0
I201030 02:35:11.425058 26 storage/engine/rocksdb.go:120                   Options.max_manifest_file_size: 134217728
I201030 02:35:11.425066 26 storage/engine/rocksdb.go:120                    Options.log_file_time_to_roll: 0
I201030 02:35:11.425074 26 storage/engine/rocksdb.go:120                        Options.keep_log_file_num: 1000
I201030 02:35:11.425081 26 storage/engine/rocksdb.go:120                     Options.recycle_log_file_num: 1
I201030 02:35:11.425088 26 storage/engine/rocksdb.go:120                          Options.allow_fallocate: 1
I201030 02:35:11.425096 26 storage/engine/rocksdb.go:120                         Options.allow_mmap_reads: 0
I201030 02:35:11.425102 26 storage/engine/rocksdb.go:120                        Options.allow_mmap_writes: 0
I201030 02:35:11.425109 26 storage/engine/rocksdb.go:120                         Options.use_direct_reads: 0
I201030 02:35:11.425116 26 storage/engine/rocksdb.go:120                         Options.use_direct_io_for_flush_and_compaction: 0
I201030 02:35:11.425124 26 storage/engine/rocksdb.go:120           Options.create_missing_column_families: 0
I201030 02:35:11.425131 26 storage/engine/rocksdb.go:120                               Options.db_log_dir: 
I201030 02:35:11.425140 26 storage/engine/rocksdb.go:120                                  Options.wal_dir: /var/lib/cockroach/cockroach-temp821126744
I201030 02:35:11.425146 26 storage/engine/rocksdb.go:120                 Options.table_cache_numshardbits: 6
I201030 02:35:11.425150 26 storage/engine/rocksdb.go:120                       Options.max_subcompactions: 1
I201030 02:35:11.425153 26 storage/engine/rocksdb.go:120                   Options.max_background_flushes: -1
I201030 02:35:11.425157 26 storage/engine/rocksdb.go:120                          Options.WAL_ttl_seconds: 0
I201030 02:35:11.425161 26 storage/engine/rocksdb.go:120                        Options.WAL_size_limit_MB: 0
I201030 02:35:11.425164 26 storage/engine/rocksdb.go:120              Options.manifest_preallocation_size: 4194304
I201030 02:35:11.425168 26 storage/engine/rocksdb.go:120                      Options.is_fd_close_on_exec: 1
I201030 02:35:11.425172 26 storage/engine/rocksdb.go:120                    Options.advise_random_on_open: 1
I201030 02:35:11.425175 26 storage/engine/rocksdb.go:120                     Options.db_write_buffer_size: 0
I201030 02:35:11.425179 26 storage/engine/rocksdb.go:120                     Options.write_buffer_manager: 0x7f5e92e60d70
I201030 02:35:11.425185 26 storage/engine/rocksdb.go:120          Options.access_hint_on_compaction_start: 1
I201030 02:35:11.425190 26 storage/engine/rocksdb.go:120   Options.new_table_reader_for_compaction_inputs: 0
I201030 02:35:11.425195 26 storage/engine/rocksdb.go:120            Options.random_access_max_buffer_size: 1048576
I201030 02:35:11.425198 26 storage/engine/rocksdb.go:120                       Options.use_adaptive_mutex: 0
I201030 02:35:11.425202 26 storage/engine/rocksdb.go:120                             Options.rate_limiter: (nil)
I201030 02:35:11.425207 26 storage/engine/rocksdb.go:120      Options.sst_file_manager.rate_bytes_per_sec: 0
I201030 02:35:11.425211 26 storage/engine/rocksdb.go:120                        Options.wal_recovery_mode: 0
I201030 02:35:11.425214 26 storage/engine/rocksdb.go:120                   Options.enable_thread_tracking: 0
I201030 02:35:11.425218 26 storage/engine/rocksdb.go:120                   Options.enable_pipelined_write: 0
I201030 02:35:11.425221 26 storage/engine/rocksdb.go:120          Options.allow_concurrent_memtable_write: 1
I201030 02:35:11.425225 26 storage/engine/rocksdb.go:120       Options.enable_write_thread_adaptive_yield: 1
I201030 02:35:11.425229 26 storage/engine/rocksdb.go:120              Options.write_thread_max_yield_usec: 100
I201030 02:35:11.425232 26 storage/engine/rocksdb.go:120             Options.write_thread_slow_yield_usec: 3
I201030 02:35:11.425256 26 storage/engine/rocksdb.go:120                                Options.row_cache: None
I201030 02:35:11.425262 26 storage/engine/rocksdb.go:120                               Options.wal_filter: None
I201030 02:35:11.425270 26 storage/engine/rocksdb.go:120              Options.avoid_flush_during_recovery: 0
I201030 02:35:11.425277 26 storage/engine/rocksdb.go:120              Options.allow_ingest_behind: 0
I201030 02:35:11.425284 26 storage/engine/rocksdb.go:120              Options.preserve_deletes: 0
I201030 02:35:11.425290 26 storage/engine/rocksdb.go:120              Options.two_write_queues: 0
I201030 02:35:11.425297 26 storage/engine/rocksdb.go:120              Options.manual_wal_flush: 1
I201030 02:35:11.425303 26 storage/engine/rocksdb.go:120              Options.atomic_flush: 0
I201030 02:35:11.425308 26 storage/engine/rocksdb.go:120              Options.avoid_unnecessary_blocking_io: 0
I201030 02:35:11.425313 26 storage/engine/rocksdb.go:120              Options.max_background_jobs: 2
I201030 02:35:11.425321 26 storage/engine/rocksdb.go:120              Options.max_background_compactions: -1
I201030 02:35:11.425334 26 storage/engine/rocksdb.go:120              Options.avoid_flush_during_shutdown: 0
I201030 02:35:11.425343 26 storage/engine/rocksdb.go:120            Options.writable_file_max_buffer_size: 1048576
I201030 02:35:11.425352 26 storage/engine/rocksdb.go:120              Options.delayed_write_rate : 16777216
I201030 02:35:11.425362 26 storage/engine/rocksdb.go:120              Options.max_total_wal_size: 0
I201030 02:35:11.425366 26 storage/engine/rocksdb.go:120              Options.delete_obsolete_files_period_micros: 21600000000
I201030 02:35:11.425370 26 storage/engine/rocksdb.go:120                    Options.stats_dump_period_sec: 0
I201030 02:35:11.425375 26 storage/engine/rocksdb.go:120                  Options.stats_persist_period_sec: 600
I201030 02:35:11.425381 26 storage/engine/rocksdb.go:120                  Options.stats_history_buffer_size: 1048576
I201030 02:35:11.425389 26 storage/engine/rocksdb.go:120                           Options.max_open_files: 128
I201030 02:35:11.425399 26 storage/engine/rocksdb.go:120                           Options.bytes_per_sync: 524288
I201030 02:35:11.425404 26 storage/engine/rocksdb.go:120                       Options.wal_bytes_per_sync: 0
I201030 02:35:11.425408 26 storage/engine/rocksdb.go:120                    Options.strict_bytes_per_sync: 1
I201030 02:35:11.425411 26 storage/engine/rocksdb.go:120        Options.compaction_readahead_size: 0
I201030 02:35:11.425415 26 storage/engine/rocksdb.go:120  Compression algorithms supported:
I201030 02:35:11.425422 26 storage/engine/rocksdb.go:120  	kZSTDNotFinalCompression supported: 0
I201030 02:35:11.425427 26 storage/engine/rocksdb.go:120  	kZSTD supported: 0
I201030 02:35:11.425431 26 storage/engine/rocksdb.go:120  	kXpressCompression supported: 0
I201030 02:35:11.425434 26 storage/engine/rocksdb.go:120  	kLZ4HCCompression supported: 0
I201030 02:35:11.425438 26 storage/engine/rocksdb.go:120  	kLZ4Compression supported: 0
I201030 02:35:11.425442 26 storage/engine/rocksdb.go:120  	kBZip2Compression supported: 0
I201030 02:35:11.425446 26 storage/engine/rocksdb.go:120  	kZlibCompression supported: 0
I201030 02:35:11.425449 26 storage/engine/rocksdb.go:120  	kSnappyCompression supported: 1
I201030 02:35:11.425460 26 storage/engine/rocksdb.go:120  Fast CRC32 supported: Supported on x86
I201030 02:35:11.427326 26 storage/engine/rocksdb.go:120  [db/db_impl_open.cc:242] Creating manifest 1 
I201030 02:35:11.587775 26 storage/engine/rocksdb.go:120  [db/db_impl.cc:392] Shutdown: canceling all background work
I201030 02:35:11.589153 26 storage/engine/rocksdb.go:120  [db/db_impl.cc:565] Shutdown complete
